<?xml version="1.0" encoding="UTF-8"?>
<robot generator="Robot 5.0.1 (Python 3.7.5 on win32)" generated="20220721 17:57:00.822" rpa="true" schemaversion="3">
<suite id="s1" name="Tasks" source="c:\Users\balakumar.gopalakris\Downloads\rpa_-_order-robot_-_robocorp-certificate_II-main\rpa_-_order-robot_-_robocorp-certificate_II-main\tasks.robot">
<kw name="New Browser" library="RPA.Browser.Playwright" type="SETUP">
<arg>chromium</arg>
<arg>headless=true</arg>
<tag>BrowserControl</tag>
<tag>Setter</tag>
<doc>Create a new playwright Browser with specified options.</doc>
<msg timestamp="20220721 17:57:03.692" level="INFO">{"browser": "chromium", "headless": true, "handleSIGINT": true, "handleSIGTERM": true, "handleSIGHUP": true, "timeout": 30000.0, "devtools": false, "slowMo": 0.0, "tracesDir": "C:\\Users\\balakumar.gopalakris\\Downloads\\rpa_-_order-robot_-_robocorp-certificate_II-main\\rpa_-_order-robot_-_robocorp-certificate_II-main\\browser\\traces\\4c8319be-0f7e-4e04-b090-4d942ae428e4"}</msg>
<msg timestamp="20220721 17:57:04.112" level="INFO">Successfully created browser with options: {"browser":"chromium","headless":true,"handleSIGINT":true,"handleSIGTERM":true,"handleSIGHUP":true,"timeout":30000,"devtools":false,"slowMo":0,"tracesDir":"C:\\Users\\balakumar.gopalakris\\Downloads\\rpa_-_order-robot_-_robocorp-certificate_II-main\\rpa_-_order-robot_-_robocorp-certificate_II-main\\browser\\traces\\4c8319be-0f7e-4e04-b090-4d942ae428e4"}</msg>
<status status="PASS" starttime="20220721 17:57:03.688" endtime="20220721 17:57:04.113"/>
</kw>
<test id="s1-t1" name="Order robots from RobotSpareBin Industries Inc" line="27">
<kw name="Open order page">
<kw name="Get Secret" library="RPA.Robocorp.Vault">
<var>${secret}</var>
<arg>urls</arg>
<doc>Read a secret from the configured source, e.g. Robocorp Vault,
and return it as a ``Secret`` object.</doc>
<msg timestamp="20220721 17:57:04.132" level="INFO">Protecting keyword: RPA.Robocorp.Vault.Get Secret</msg>
<msg timestamp="20220721 17:57:04.137" level="INFO">Log level changed from NONE to INFO.</msg>
<status status="PASS" starttime="20220721 17:57:04.130" endtime="20220721 17:57:04.135"/>
</kw>
<kw name="New Page" library="RPA.Browser.Playwright">
<arg>${secret}[order_page_url]</arg>
<tag>BrowserControl</tag>
<tag>Setter</tag>
<doc>Open a new Page. A Page is the Playwright equivalent to a tab.
See `Browser, Context and Page` for more information about Page concept.
Returns a stable identifier for the created page.</doc>
<msg timestamp="20220721 17:57:07.345" level="INFO">Successfully initialized new page object and opened url: https://robotsparebinindustries.com/#/robot-order</msg>
<msg timestamp="20220721 17:57:07.345" level="INFO">No context was open. New context was automatically opened when this page is created.</msg>
<status status="PASS" starttime="20220721 17:57:04.137" endtime="20220721 17:57:07.345"/>
</kw>
<kw name="Wait For Elements State" library="RPA.Browser.Playwright">
<arg>${order_page_submit_btn}</arg>
<arg>visible</arg>
<tag>PageContent</tag>
<tag>Wait</tag>
<doc>Waits for the element found by ``selector`` to satisfy state option.</doc>
<msg timestamp="20220721 17:57:07.392" level="INFO">Wait for Element with selector: id=order</msg>
<status status="PASS" starttime="20220721 17:57:07.347" endtime="20220721 17:57:07.393"/>
</kw>
<kw name="Wait For Elements State" library="RPA.Browser.Playwright">
<arg>${modal_content}</arg>
<arg>visible</arg>
<tag>PageContent</tag>
<tag>Wait</tag>
<doc>Waits for the element found by ``selector`` to satisfy state option.</doc>
<msg timestamp="20220721 17:57:07.419" level="INFO">Wait for Element with selector: .modal-content</msg>
<status status="PASS" starttime="20220721 17:57:07.394" endtime="20220721 17:57:07.419"/>
</kw>
<status status="PASS" starttime="20220721 17:57:04.127" endtime="20220721 17:57:07.420"/>
</kw>
<kw name="Request order file URL from user">
<var>${order_file_url}</var>
<doc>Request the order file URL from the user using an input dialog</doc>
<kw name="Add heading" library="RPA.Dialogs">
<arg>Order file URL</arg>
<doc>Add a centered heading text element</doc>
<status status="PASS" starttime="20220721 17:57:07.424" endtime="20220721 17:57:07.425"/>
</kw>
<kw name="Add text" library="RPA.Dialogs">
<arg>Please provide the complete URL to the CSV file, which contains all the orders.</arg>
<doc>Add a text paragraph element, for larger bodies of text</doc>
<status status="PASS" starttime="20220721 17:57:07.427" endtime="20220721 17:57:07.428"/>
</kw>
<kw name="Add text input" library="RPA.Dialogs">
<arg>url</arg>
<arg>label=URL for order file</arg>
<tag>input</tag>
<doc>Add a text input element</doc>
<status status="PASS" starttime="20220721 17:57:07.430" endtime="20220721 17:57:07.433"/>
</kw>
<kw name="Run dialog" library="RPA.Dialogs">
<var>${input}</var>
<tag>dialog</tag>
<doc>Create a dialog from all the defined elements and block
until the user has handled it.</doc>
<msg timestamp="20220721 17:57:07.436" level="INFO">Protecting keyword: RPA.Dialogs.Run dialog</msg>
<msg timestamp="20220721 17:57:49.438" level="INFO">Log level changed from NONE to INFO.</msg>
<status status="PASS" starttime="20220721 17:57:07.435" endtime="20220721 17:57:49.437"/>
</kw>
<msg timestamp="20220721 17:57:49.441" level="INFO">${order_file_url} = https://robotsparebinindustries.com/orders.csv</msg>
<status status="PASS" starttime="20220721 17:57:07.422" endtime="20220721 17:57:49.441"/>
</kw>
<kw name="Get orders">
<var>${orders}</var>
<arg>${order_file_url}</arg>
<doc>Download the order CSV file, read it into table</doc>
<kw name="Download" library="RPA.HTTP">
<arg>${order_file_url}</arg>
<arg>overwrite=true</arg>
<doc>An alias for the ``HTTP Get`` keyword.</doc>
<msg timestamp="20220721 17:57:49.447" level="INFO">Creating a new HTTP session</msg>
<msg timestamp="20220721 17:57:49.448" level="INFO">Creating Session using : alias=rpasession_alias.httpsrobotsparebinindustries.com, url=https://robotsparebinindustries.com, headers={},                     cookies={}, auth=None, timeout=None, proxies=None, verify=True,                     debug=0 </msg>
<msg timestamp="20220721 17:57:50.424" level="INFO">GET Request : url=https://robotsparebinindustries.com/orders.csv 
 path_url=/orders.csv 
 headers={'User-Agent': 'python-requests/2.28.1', 'Accept-Encoding': 'gzip, deflate', 'Accept': '*/*', 'Connection': 'keep-alive'} 
 body=None 
 </msg>
<msg timestamp="20220721 17:57:50.425" level="INFO">GET Response : url=https://robotsparebinindustries.com/orders.csv 
 status=200, reason=OK 
 headers={'Connection': 'keep-alive', 'Content-Length': '199', 'Server': 'GitHub.com', 'Content-Type': 'text/csv; charset=utf-8', 'Last-Modified': 'Fri, 13 Aug 2021 11:27:04 GMT', 'Access-Control-Allow-Origin': '*', 'Strict-Transport-Security': 'max-age=31556952', 'ETag': 'W/"61165708-19c"', 'expires': 'Thu, 21 Jul 2022 12:37:51 GMT', 'Cache-Control': 'max-age=600', 'Content-Encoding': 'gzip', 'x-proxy-cache': 'MISS', 'X-GitHub-Request-Id': '3910:69B5:22BDE5:26229D:62D94647', 'Accept-Ranges': 'bytes', 'Date': 'Thu, 21 Jul 2022 12:27:51 GMT', 'Via': '1.1 varnish', 'Age': '0', 'X-Served-By': 'cache-bom4736-BOM', 'X-Cache': 'MISS', 'X-Cache-Hits': '0', 'X-Timer': 'S1658406471.145863,VS0,VE674', 'Vary': 'Accept-Encoding', 'X-Fastly-Request-ID': '3d0c70fb287b4eec073b197472ae7e085e61a53d'} 
 body=Order number,Head,Body,Legs,Address
1,1,2,3,Address 123
2,4,1,5,Address 456
3,6,2,3,Address 789
4,2,3,2,Address 1
5,3,5,1,Address 2
6,1,6,6,Address 3
7,5,1,5,Address 4
8,2,3,3,Address 5
9,3,2,2,Address 6
10,4,4,2,Address 7
11,6,6,1,Address 8
12,1,3,3,Address 9
13,1,5,4,Address A
14,3,1,5,Address B
15,3,2,6,Address C
16,6,3,6,Address D
17,5,4,1,Address E
18,2,5,1,Address F
19,4,6,2,Address G
20,1,1,5,Address H 
 </msg>
<status status="PASS" starttime="20220721 17:57:49.445" endtime="20220721 17:57:50.428"/>
</kw>
<kw name="Read table from CSV" library="RPA.Tables">
<var>${orders}</var>
<arg>orders.csv</arg>
<doc>Read a CSV file as a table.</doc>
<msg timestamp="20220721 17:57:50.448" level="INFO">${orders} = Table(columns=['Order number', 'Head', 'Body', 'Legs', 'Address'], rows=20)</msg>
<status status="PASS" starttime="20220721 17:57:50.429" endtime="20220721 17:57:50.448"/>
</kw>
<msg timestamp="20220721 17:57:50.450" level="INFO">${orders} = Table(columns=['Order number', 'Head', 'Body', 'Legs', 'Address'], rows=20)</msg>
<status status="PASS" starttime="20220721 17:57:49.442" endtime="20220721 17:57:50.450"/>
</kw>
<for flavor="IN">
<var>${order}</var>
<value>@{orders}</value>
<iter>
<var name="${order}">{'Order number': '1', 'Head': '1', 'Body': '2', 'Legs': '3', 'Address': 'Address 123'}</var>
<kw name="Close modal">
<kw name="Click" library="RPA.Browser.Playwright">
<arg>${cookies_accept_btn}</arg>
<tag>PageContent</tag>
<tag>Setter</tag>
<doc>Simulates mouse click on the element found by ``selector``.</doc>
<status status="PASS" starttime="20220721 17:57:50.457" endtime="20220721 17:57:50.509"/>
</kw>
<kw name="Wait For Elements State" library="RPA.Browser.Playwright">
<arg>${modal_content}</arg>
<arg>hidden</arg>
<tag>PageContent</tag>
<tag>Wait</tag>
<doc>Waits for the element found by ``selector`` to satisfy state option.</doc>
<msg timestamp="20220721 17:57:50.524" level="INFO">Wait for Element with selector: .modal-content</msg>
<status status="PASS" starttime="20220721 17:57:50.510" endtime="20220721 17:57:50.524"/>
</kw>
<status status="PASS" starttime="20220721 17:57:50.455" endtime="20220721 17:57:50.525"/>
</kw>
<kw name="Fill order form">
<arg>${order}</arg>
<kw name="Fill in order parameters" library="OrderPage">
<arg>${order_table_row}</arg>
<kw name="Select Options By" library="RPA.Browser.Playwright">
<arg>${order_page_head_select}</arg>
<arg>value</arg>
<arg>${order_table_row}[Head]</arg>
<tag>PageContent</tag>
<tag>Setter</tag>
<doc>Selects options from select element found by ``selector``.</doc>
<status status="PASS" starttime="20220721 17:57:50.530" endtime="20220721 17:57:50.548"/>
</kw>
<kw name="Check Checkbox" library="RPA.Browser.Playwright">
<arg>${order_page_body_checkbox_prefix}${order_table_row}[Body]</arg>
<tag>PageContent</tag>
<tag>Setter</tag>
<doc>Checks the checkbox or selects radio button found by ``selector``.</doc>
<status status="PASS" starttime="20220721 17:57:50.549" endtime="20220721 17:57:50.584"/>
</kw>
<kw name="Fill Text" library="RPA.Browser.Playwright">
<arg>${order_page_legs_part_number_field}</arg>
<arg>${order_table_row}[Legs]</arg>
<tag>PageContent</tag>
<tag>Setter</tag>
<doc>Clears and fills the given ``txt`` into the text field found by ``selector``.</doc>
<msg timestamp="20220721 17:57:50.587" level="INFO">Fills the text '3' in the given field.</msg>
<status status="PASS" starttime="20220721 17:57:50.585" endtime="20220721 17:57:50.609"/>
</kw>
<kw name="Fill Text" library="RPA.Browser.Playwright">
<arg>${order_page_address_field}</arg>
<arg>${order_table_row}[Address]</arg>
<tag>PageContent</tag>
<tag>Setter</tag>
<doc>Clears and fills the given ``txt`` into the text field found by ``selector``.</doc>
<msg timestamp="20220721 17:57:50.612" level="INFO">Fills the text 'Address 123' in the given field.</msg>
<status status="PASS" starttime="20220721 17:57:50.610" endtime="20220721 17:57:50.630"/>
</kw>
<status status="PASS" starttime="20220721 17:57:50.528" endtime="20220721 17:57:50.632"/>
</kw>
<status status="PASS" starttime="20220721 17:57:50.526" endtime="20220721 17:57:50.633"/>
</kw>
<kw name="Preview robot">
<kw name="Click" library="RPA.Browser.Playwright">
<arg>${order_page_preview_btn}</arg>
<tag>PageContent</tag>
<tag>Setter</tag>
<doc>Simulates mouse click on the element found by ``selector``.</doc>
<status status="PASS" starttime="20220721 17:57:50.635" endtime="20220721 17:57:50.687"/>
</kw>
<kw name="Wait For Elements State" library="RPA.Browser.Playwright">
<arg>${order_page_robot_preview_image}</arg>
<arg>visible</arg>
<tag>PageContent</tag>
<tag>Wait</tag>
<doc>Waits for the element found by ``selector`` to satisfy state option.</doc>
<msg timestamp="20220721 17:57:50.701" level="INFO">Wait for Element with selector: id=robot-preview-image</msg>
<status status="PASS" starttime="20220721 17:57:50.688" endtime="20220721 17:57:50.701"/>
</kw>
<status status="PASS" starttime="20220721 17:57:50.633" endtime="20220721 17:57:50.702"/>
</kw>
<kw name="Take screenshot of the robot image">
<var>${screenshot}</var>
<arg>${order}[Order number]</arg>
<kw name="Set Local Variable" library="BuiltIn">
<arg>${file_path}</arg>
<arg>${screenshot_dir}${/}robot_preview_image_${order_number}.png</arg>
<doc>Makes a variable available everywhere within the local scope.</doc>
<msg timestamp="20220721 17:57:50.711" level="INFO">${file_path} = c:\Users\balakumar.gopalakris\Downloads\rpa_-_order-robot_-_robocorp-certificate_II-main\rpa_-_order-robot_-_robocorp-certificate_II-main\output\screenshots\robot_preview_image_1.png</msg>
<status status="PASS" starttime="20220721 17:57:50.705" endtime="20220721 17:57:50.711"/>
</kw>
<kw name="Take Screenshot" library="RPA.Browser.Playwright">
<arg>filename=${file_path}</arg>
<arg>selector=${order_page_robot_preview_image}</arg>
<arg>fullPage=False</arg>
<arg>timeout=2</arg>
<tag>PageContent</tag>
<doc>Takes a screenshot of the current window or element and saves it to disk.</doc>
<msg timestamp="20220721 17:57:50.805" level="INFO" html="true">&lt;/td&gt;&lt;/tr&gt;&lt;tr&gt;&lt;td colspan="3"&gt;&lt;a href="file:///C:/Users/balakumar.gopalakris/Downloads/rpa_-_order-robot_-_robocorp-certificate_II-main/rpa_-_order-robot_-_robocorp-certificate_II-main/output/screenshots/robot_preview_image_1.png"&gt;&lt;img src="file:///C:/Users/balakumar.gopalakris/Downloads/rpa_-_order-robot_-_robocorp-certificate_II-main/rpa_-_order-robot_-_robocorp-certificate_II-main/output/screenshots/robot_preview_image_1.png" width="800px"&gt;&lt;/a&gt;</msg>
<status status="PASS" starttime="20220721 17:57:50.713" endtime="20220721 17:57:50.806"/>
</kw>
<msg timestamp="20220721 17:57:50.808" level="INFO">${screenshot} = c:\Users\balakumar.gopalakris\Downloads\rpa_-_order-robot_-_robocorp-certificate_II-main\rpa_-_order-robot_-_robocorp-certificate_II-main\output\screenshots\robot_preview_image_1.png</msg>
<status status="PASS" starttime="20220721 17:57:50.703" endtime="20220721 17:57:50.808"/>
</kw>
<kw name="Wait Until Keyword Succeeds" library="BuiltIn">
<arg>5x</arg>
<arg>0.5 sec</arg>
<arg>Submit order</arg>
<doc>Runs the specified keyword and retries if it fails.</doc>
<kw name="Submit order">
<kw name="Click" library="RPA.Browser.Playwright">
<arg>${order_page_submit_btn}</arg>
<tag>PageContent</tag>
<tag>Setter</tag>
<doc>Simulates mouse click on the element found by ``selector``.</doc>
<status status="PASS" starttime="20220721 17:57:50.814" endtime="20220721 17:57:50.878"/>
</kw>
<kw name="Wait For Elements State" library="RPA.Browser.Playwright">
<arg>${order_page_receipt_alert}</arg>
<arg>visible</arg>
<tag>PageContent</tag>
<tag>Wait</tag>
<doc>Waits for the element found by ``selector`` to satisfy state option.</doc>
<msg timestamp="20220721 17:57:50.893" level="INFO">Wait for Element with selector: id=receipt</msg>
<status status="PASS" starttime="20220721 17:57:50.879" endtime="20220721 17:57:50.893"/>
</kw>
<kw name="Wait For Elements State" library="RPA.Browser.Playwright">
<arg>${order_page_order_another_btn}</arg>
<arg>visible</arg>
<tag>PageContent</tag>
<tag>Wait</tag>
<doc>Waits for the element found by ``selector`` to satisfy state option.</doc>
<msg timestamp="20220721 17:57:50.905" level="INFO">Wait for Element with selector: id=order-another</msg>
<status status="PASS" starttime="20220721 17:57:50.894" endtime="20220721 17:57:50.906"/>
</kw>
<status status="PASS" starttime="20220721 17:57:50.811" endtime="20220721 17:57:50.907"/>
</kw>
<status status="PASS" starttime="20220721 17:57:50.810" endtime="20220721 17:57:50.908"/>
</kw>
<kw name="Create receipt PDF with robot preview image">
<arg>${order}[Order number]</arg>
<arg>${screenshot}</arg>
<kw name="Store order receipt as PDF file">
<var>${pdf}</var>
<arg>${order_number}</arg>
<kw name="Get Property" library="RPA.Browser.Playwright">
<var>${receipt_html}</var>
<arg>${order_page_receipt_alert}</arg>
<arg>outerHTML</arg>
<tag>Assertion</tag>
<tag>Getter</tag>
<tag>PageContent</tag>
<doc>Returns the ``property`` of the element found by ``selector``.</doc>
<msg timestamp="20220721 17:57:50.932" level="INFO">${receipt_html} = &lt;div id="receipt" class="alert alert-success" role="alert"&gt;&lt;h3&gt;Receipt&lt;/h3&gt;&lt;div&gt;2022-07-21T12:27:50.864Z&lt;/div&gt;&lt;p class="badge badge-success"&gt;RSB-ROBO-ORDER-4YYN6UA5U&lt;/p&gt;&lt;p&gt;Address 123&lt;/p&gt;&lt;div id="part...</msg>
<status status="PASS" starttime="20220721 17:57:50.913" endtime="20220721 17:57:50.932"/>
</kw>
<kw name="Set Local Variable" library="BuiltIn">
<arg>${file_path}</arg>
<arg>${receipt_dir}${/}receipt_${order_number}.pdf</arg>
<doc>Makes a variable available everywhere within the local scope.</doc>
<msg timestamp="20220721 17:57:50.938" level="INFO">${file_path} = c:\Users\balakumar.gopalakris\Downloads\rpa_-_order-robot_-_robocorp-certificate_II-main\rpa_-_order-robot_-_robocorp-certificate_II-main\output\receipts\receipt_1.pdf</msg>
<status status="PASS" starttime="20220721 17:57:50.933" endtime="20220721 17:57:50.938"/>
</kw>
<kw name="Html To Pdf" library="RPA.PDF">
<arg>${receipt_html}</arg>
<arg>${file_path}</arg>
<doc>Generate a PDF file from HTML content.</doc>
<msg timestamp="20220721 17:57:50.943" level="INFO">Writing output to file C:\Users\balakumar.gopalakris\Downloads\rpa_-_order-robot_-_robocorp-certificate_II-main\rpa_-_order-robot_-_robocorp-certificate_II-main\output\receipts\receipt_1.pdf</msg>
<status status="PASS" starttime="20220721 17:57:50.940" endtime="20220721 17:57:50.960"/>
</kw>
<msg timestamp="20220721 17:57:50.963" level="INFO">${pdf} = c:\Users\balakumar.gopalakris\Downloads\rpa_-_order-robot_-_robocorp-certificate_II-main\rpa_-_order-robot_-_robocorp-certificate_II-main\output\receipts\receipt_1.pdf</msg>
<status status="PASS" starttime="20220721 17:57:50.911" endtime="20220721 17:57:50.963"/>
</kw>
<kw name="Embed robot preview screenshot to receipt PDF file">
<arg>${screenshot}</arg>
<arg>${pdf}</arg>
<kw name="Open Pdf" library="RPA.PDF">
<arg>${pdf}</arg>
<doc>Open a PDF document for reading.</doc>
<status status="PASS" starttime="20220721 17:57:50.965" endtime="20220721 17:57:50.974"/>
</kw>
<kw name="Create List" library="BuiltIn">
<var>${image_files}</var>
<arg>${screenshot}:align=center</arg>
<doc>Returns a list containing given items.</doc>
<msg timestamp="20220721 17:57:50.977" level="INFO">${image_files} = ['c:\\Users\\balakumar.gopalakris\\Downloads\\rpa_-_order-robot_-_robocorp-certificate_II-main\\rpa_-_order-robot_-_robocorp-certificate_II-main\\output\\screenshots\\robot_preview_image_1.png:align=c...</msg>
<status status="PASS" starttime="20220721 17:57:50.975" endtime="20220721 17:57:50.977"/>
</kw>
<kw name="Add Files To Pdf" library="RPA.PDF">
<arg>${image_files}</arg>
<arg>${pdf}</arg>
<arg>append=True</arg>
<doc>Add images and/or pdfs to new PDF document</doc>
<msg timestamp="20220721 17:57:50.983" level="INFO">Adding page: 0</msg>
<msg timestamp="20220721 17:57:50.984" level="INFO">File c:\Users\balakumar.gopalakris\Downloads\rpa_-_order-robot_-_robocorp-certificate_II-main\rpa_-_order-robot_-_robocorp-certificate_II-main\output\screenshots\robot_preview_image_1.png type: png</msg>
<msg timestamp="20220721 17:57:50.984" level="INFO">Image parameters: {'align': 'center'}</msg>
<status status="PASS" starttime="20220721 17:57:50.978" endtime="20220721 17:57:51.314"/>
</kw>
<kw name="Close Pdf" library="RPA.PDF">
<arg>${pdf}</arg>
<doc>Close PDF file descriptor for certain file.</doc>
<msg timestamp="20220721 17:57:51.318" level="INFO">Closing PDF document: c:\Users\balakumar.gopalakris\Downloads\rpa_-_order-robot_-_robocorp-certificate_II-main\rpa_-_order-robot_-_robocorp-certificate_II-main\output\receipts\receipt_1.pdf</msg>
<status status="PASS" starttime="20220721 17:57:51.316" endtime="20220721 17:57:51.319"/>
</kw>
<status status="PASS" starttime="20220721 17:57:50.963" endtime="20220721 17:57:51.320"/>
</kw>
<status status="PASS" starttime="20220721 17:57:50.908" endtime="20220721 17:57:51.321"/>
</kw>
<kw name="Order new robot">
<kw name="Click" library="RPA.Browser.Playwright">
<arg>${order_page_order_another_btn}</arg>
<tag>PageContent</tag>
<tag>Setter</tag>
<doc>Simulates mouse click on the element found by ``selector``.</doc>
<status status="PASS" starttime="20220721 17:57:51.324" endtime="20220721 17:57:51.455"/>
</kw>
<kw name="Wait For Elements State" library="RPA.Browser.Playwright">
<arg>${order_page_submit_btn}</arg>
<arg>visible</arg>
<tag>PageContent</tag>
<tag>Wait</tag>
<doc>Waits for the element found by ``selector`` to satisfy state option.</doc>
<msg timestamp="20220721 17:57:51.490" level="INFO">Wait for Element with selector: id=order</msg>
<status status="PASS" starttime="20220721 17:57:51.456" endtime="20220721 17:57:51.491"/>
</kw>
<status status="PASS" starttime="20220721 17:57:51.322" endtime="20220721 17:57:51.492"/>
</kw>
<status status="PASS" starttime="20220721 17:57:50.454" endtime="20220721 17:57:51.493"/>
</iter>
<iter>
<var name="${order}">{'Order number': '2', 'Head': '4', 'Body': '1', 'Legs': '5', 'Address': 'Address 456'}</var>
<kw name="Close modal">
<kw name="Click" library="RPA.Browser.Playwright">
<arg>${cookies_accept_btn}</arg>
<tag>PageContent</tag>
<tag>Setter</tag>
<doc>Simulates mouse click on the element found by ``selector``.</doc>
<status status="PASS" starttime="20220721 17:57:51.497" endtime="20220721 17:57:51.556"/>
</kw>
<kw name="Wait For Elements State" library="RPA.Browser.Playwright">
<arg>${modal_content}</arg>
<arg>hidden</arg>
<tag>PageContent</tag>
<tag>Wait</tag>
<doc>Waits for the element found by ``selector`` to satisfy state option.</doc>
<msg timestamp="20220721 17:57:51.573" level="INFO">Wait for Element with selector: .modal-content</msg>
<status status="PASS" starttime="20220721 17:57:51.557" endtime="20220721 17:57:51.575"/>
</kw>
<status status="PASS" starttime="20220721 17:57:51.495" endtime="20220721 17:57:51.576"/>
</kw>
<kw name="Fill order form">
<arg>${order}</arg>
<kw name="Fill in order parameters" library="OrderPage">
<arg>${order_table_row}</arg>
<kw name="Select Options By" library="RPA.Browser.Playwright">
<arg>${order_page_head_select}</arg>
<arg>value</arg>
<arg>${order_table_row}[Head]</arg>
<tag>PageContent</tag>
<tag>Setter</tag>
<doc>Selects options from select element found by ``selector``.</doc>
<status status="PASS" starttime="20220721 17:57:51.582" endtime="20220721 17:57:51.597"/>
</kw>
<kw name="Check Checkbox" library="RPA.Browser.Playwright">
<arg>${order_page_body_checkbox_prefix}${order_table_row}[Body]</arg>
<tag>PageContent</tag>
<tag>Setter</tag>
<doc>Checks the checkbox or selects radio button found by ``selector``.</doc>
<status status="PASS" starttime="20220721 17:57:51.598" endtime="20220721 17:57:51.654"/>
</kw>
<kw name="Fill Text" library="RPA.Browser.Playwright">
<arg>${order_page_legs_part_number_field}</arg>
<arg>${order_table_row}[Legs]</arg>
<tag>PageContent</tag>
<tag>Setter</tag>
<doc>Clears and fills the given ``txt`` into the text field found by ``selector``.</doc>
<msg timestamp="20220721 17:57:51.658" level="INFO">Fills the text '5' in the given field.</msg>
<status status="PASS" starttime="20220721 17:57:51.656" endtime="20220721 17:57:51.684"/>
</kw>
<kw name="Fill Text" library="RPA.Browser.Playwright">
<arg>${order_page_address_field}</arg>
<arg>${order_table_row}[Address]</arg>
<tag>PageContent</tag>
<tag>Setter</tag>
<doc>Clears and fills the given ``txt`` into the text field found by ``selector``.</doc>
<msg timestamp="20220721 17:57:51.687" level="INFO">Fills the text 'Address 456' in the given field.</msg>
<status status="PASS" starttime="20220721 17:57:51.685" endtime="20220721 17:57:51.766"/>
</kw>
<status status="PASS" starttime="20220721 17:57:51.579" endtime="20220721 17:57:51.770"/>
</kw>
<status status="PASS" starttime="20220721 17:57:51.577" endtime="20220721 17:57:51.775"/>
</kw>
<kw name="Preview robot">
<kw name="Click" library="RPA.Browser.Playwright">
<arg>${order_page_preview_btn}</arg>
<tag>PageContent</tag>
<tag>Setter</tag>
<doc>Simulates mouse click on the element found by ``selector``.</doc>
<status status="PASS" starttime="20220721 17:57:51.784" endtime="20220721 17:57:51.851"/>
</kw>
<kw name="Wait For Elements State" library="RPA.Browser.Playwright">
<arg>${order_page_robot_preview_image}</arg>
<arg>visible</arg>
<tag>PageContent</tag>
<tag>Wait</tag>
<doc>Waits for the element found by ``selector`` to satisfy state option.</doc>
<msg timestamp="20220721 17:57:51.866" level="INFO">Wait for Element with selector: id=robot-preview-image</msg>
<status status="PASS" starttime="20220721 17:57:51.852" endtime="20220721 17:57:51.867"/>
</kw>
<status status="PASS" starttime="20220721 17:57:51.778" endtime="20220721 17:57:51.868"/>
</kw>
<kw name="Take screenshot of the robot image">
<var>${screenshot}</var>
<arg>${order}[Order number]</arg>
<kw name="Set Local Variable" library="BuiltIn">
<arg>${file_path}</arg>
<arg>${screenshot_dir}${/}robot_preview_image_${order_number}.png</arg>
<doc>Makes a variable available everywhere within the local scope.</doc>
<msg timestamp="20220721 17:57:51.876" level="INFO">${file_path} = c:\Users\balakumar.gopalakris\Downloads\rpa_-_order-robot_-_robocorp-certificate_II-main\rpa_-_order-robot_-_robocorp-certificate_II-main\output\screenshots\robot_preview_image_2.png</msg>
<status status="PASS" starttime="20220721 17:57:51.871" endtime="20220721 17:57:51.877"/>
</kw>
<kw name="Take Screenshot" library="RPA.Browser.Playwright">
<arg>filename=${file_path}</arg>
<arg>selector=${order_page_robot_preview_image}</arg>
<arg>fullPage=False</arg>
<arg>timeout=2</arg>
<tag>PageContent</tag>
<doc>Takes a screenshot of the current window or element and saves it to disk.</doc>
<msg timestamp="20220721 17:57:51.961" level="INFO" html="true">&lt;/td&gt;&lt;/tr&gt;&lt;tr&gt;&lt;td colspan="3"&gt;&lt;a href="file:///C:/Users/balakumar.gopalakris/Downloads/rpa_-_order-robot_-_robocorp-certificate_II-main/rpa_-_order-robot_-_robocorp-certificate_II-main/output/screenshots/robot_preview_image_2.png"&gt;&lt;img src="file:///C:/Users/balakumar.gopalakris/Downloads/rpa_-_order-robot_-_robocorp-certificate_II-main/rpa_-_order-robot_-_robocorp-certificate_II-main/output/screenshots/robot_preview_image_2.png" width="800px"&gt;&lt;/a&gt;</msg>
<status status="PASS" starttime="20220721 17:57:51.878" endtime="20220721 17:57:51.961"/>
</kw>
<msg timestamp="20220721 17:57:51.963" level="INFO">${screenshot} = c:\Users\balakumar.gopalakris\Downloads\rpa_-_order-robot_-_robocorp-certificate_II-main\rpa_-_order-robot_-_robocorp-certificate_II-main\output\screenshots\robot_preview_image_2.png</msg>
<status status="PASS" starttime="20220721 17:57:51.869" endtime="20220721 17:57:51.963"/>
</kw>
<kw name="Wait Until Keyword Succeeds" library="BuiltIn">
<arg>5x</arg>
<arg>0.5 sec</arg>
<arg>Submit order</arg>
<doc>Runs the specified keyword and retries if it fails.</doc>
<kw name="Submit order">
<kw name="Click" library="RPA.Browser.Playwright">
<arg>${order_page_submit_btn}</arg>
<tag>PageContent</tag>
<tag>Setter</tag>
<doc>Simulates mouse click on the element found by ``selector``.</doc>
<status status="PASS" starttime="20220721 17:57:51.967" endtime="20220721 17:57:52.015"/>
</kw>
<kw name="Wait For Elements State" library="RPA.Browser.Playwright">
<arg>${order_page_receipt_alert}</arg>
<arg>visible</arg>
<tag>PageContent</tag>
<tag>Wait</tag>
<doc>Waits for the element found by ``selector`` to satisfy state option.</doc>
<msg timestamp="20220721 17:58:02.129" level="INFO" html="true">&lt;/td&gt;&lt;/tr&gt;&lt;tr&gt;&lt;td colspan="3"&gt;&lt;a href="browser/screenshot/fail-screenshot-1.png"&gt;&lt;img src="browser/screenshot/fail-screenshot-1.png" width="800px"&gt;&lt;/a&gt;</msg>
<msg timestamp="20220721 17:58:02.134" level="FAIL">TimeoutError: page.waitForSelector: Timeout 10000ms exceeded.
=========================== logs ===========================
waiting for selector "id=receipt" to be visible
============================================================</msg>
<status status="FAIL" starttime="20220721 17:57:52.016" endtime="20220721 17:58:02.138"/>
</kw>
<kw name="Wait For Elements State" library="RPA.Browser.Playwright">
<arg>${order_page_order_another_btn}</arg>
<arg>visible</arg>
<tag>PageContent</tag>
<tag>Wait</tag>
<doc>Waits for the element found by ``selector`` to satisfy state option.</doc>
<status status="NOT RUN" starttime="20220721 17:58:02.140" endtime="20220721 17:58:02.141"/>
</kw>
<status status="FAIL" starttime="20220721 17:57:51.965" endtime="20220721 17:58:02.143"/>
</kw>
<kw name="Submit order">
<kw name="Click" library="RPA.Browser.Playwright">
<arg>${order_page_submit_btn}</arg>
<tag>PageContent</tag>
<tag>Setter</tag>
<doc>Simulates mouse click on the element found by ``selector``.</doc>
<status status="PASS" starttime="20220721 17:58:02.647" endtime="20220721 17:58:02.680"/>
</kw>
<kw name="Wait For Elements State" library="RPA.Browser.Playwright">
<arg>${order_page_receipt_alert}</arg>
<arg>visible</arg>
<tag>PageContent</tag>
<tag>Wait</tag>
<doc>Waits for the element found by ``selector`` to satisfy state option.</doc>
<msg timestamp="20220721 17:58:12.799" level="INFO" html="true">&lt;/td&gt;&lt;/tr&gt;&lt;tr&gt;&lt;td colspan="3"&gt;&lt;a href="browser/screenshot/fail-screenshot-2.png"&gt;&lt;img src="browser/screenshot/fail-screenshot-2.png" width="800px"&gt;&lt;/a&gt;</msg>
<msg timestamp="20220721 17:58:12.800" level="FAIL">TimeoutError: page.waitForSelector: Timeout 10000ms exceeded.
=========================== logs ===========================
waiting for selector "id=receipt" to be visible
============================================================</msg>
<status status="FAIL" starttime="20220721 17:58:02.681" endtime="20220721 17:58:12.802"/>
</kw>
<kw name="Wait For Elements State" library="RPA.Browser.Playwright">
<arg>${order_page_order_another_btn}</arg>
<arg>visible</arg>
<tag>PageContent</tag>
<tag>Wait</tag>
<doc>Waits for the element found by ``selector`` to satisfy state option.</doc>
<status status="NOT RUN" starttime="20220721 17:58:12.804" endtime="20220721 17:58:12.805"/>
</kw>
<status status="FAIL" starttime="20220721 17:58:02.645" endtime="20220721 17:58:12.807"/>
</kw>
<kw name="Submit order">
<kw name="Click" library="RPA.Browser.Playwright">
<arg>${order_page_submit_btn}</arg>
<tag>PageContent</tag>
<tag>Setter</tag>
<doc>Simulates mouse click on the element found by ``selector``.</doc>
<status status="PASS" starttime="20220721 17:58:13.324" endtime="20220721 17:58:13.364"/>
</kw>
<kw name="Wait For Elements State" library="RPA.Browser.Playwright">
<arg>${order_page_receipt_alert}</arg>
<arg>visible</arg>
<tag>PageContent</tag>
<tag>Wait</tag>
<doc>Waits for the element found by ``selector`` to satisfy state option.</doc>
<msg timestamp="20220721 17:58:13.379" level="INFO">Wait for Element with selector: id=receipt</msg>
<status status="PASS" starttime="20220721 17:58:13.365" endtime="20220721 17:58:13.380"/>
</kw>
<kw name="Wait For Elements State" library="RPA.Browser.Playwright">
<arg>${order_page_order_another_btn}</arg>
<arg>visible</arg>
<tag>PageContent</tag>
<tag>Wait</tag>
<doc>Waits for the element found by ``selector`` to satisfy state option.</doc>
<msg timestamp="20220721 17:58:13.393" level="INFO">Wait for Element with selector: id=order-another</msg>
<status status="PASS" starttime="20220721 17:58:13.381" endtime="20220721 17:58:13.394"/>
</kw>
<status status="PASS" starttime="20220721 17:58:13.320" endtime="20220721 17:58:13.395"/>
</kw>
<status status="PASS" starttime="20220721 17:57:51.964" endtime="20220721 17:58:13.396"/>
</kw>
<kw name="Create receipt PDF with robot preview image">
<arg>${order}[Order number]</arg>
<arg>${screenshot}</arg>
<kw name="Store order receipt as PDF file">
<var>${pdf}</var>
<arg>${order_number}</arg>
<kw name="Get Property" library="RPA.Browser.Playwright">
<var>${receipt_html}</var>
<arg>${order_page_receipt_alert}</arg>
<arg>outerHTML</arg>
<tag>Assertion</tag>
<tag>Getter</tag>
<tag>PageContent</tag>
<doc>Returns the ``property`` of the element found by ``selector``.</doc>
<msg timestamp="20220721 17:58:13.417" level="INFO">${receipt_html} = &lt;div id="receipt" class="alert alert-success" role="alert"&gt;&lt;h3&gt;Receipt&lt;/h3&gt;&lt;div&gt;2022-07-21T12:28:13.358Z&lt;/div&gt;&lt;p class="badge badge-success"&gt;RSB-ROBO-ORDER-36YI5187A4&lt;/p&gt;&lt;p&gt;Address 456&lt;/p&gt;&lt;div id="par...</msg>
<status status="PASS" starttime="20220721 17:58:13.401" endtime="20220721 17:58:13.417"/>
</kw>
<kw name="Set Local Variable" library="BuiltIn">
<arg>${file_path}</arg>
<arg>${receipt_dir}${/}receipt_${order_number}.pdf</arg>
<doc>Makes a variable available everywhere within the local scope.</doc>
<msg timestamp="20220721 17:58:13.423" level="INFO">${file_path} = c:\Users\balakumar.gopalakris\Downloads\rpa_-_order-robot_-_robocorp-certificate_II-main\rpa_-_order-robot_-_robocorp-certificate_II-main\output\receipts\receipt_2.pdf</msg>
<status status="PASS" starttime="20220721 17:58:13.418" endtime="20220721 17:58:13.424"/>
</kw>
<kw name="Html To Pdf" library="RPA.PDF">
<arg>${receipt_html}</arg>
<arg>${file_path}</arg>
<doc>Generate a PDF file from HTML content.</doc>
<msg timestamp="20220721 17:58:13.427" level="INFO">Writing output to file C:\Users\balakumar.gopalakris\Downloads\rpa_-_order-robot_-_robocorp-certificate_II-main\rpa_-_order-robot_-_robocorp-certificate_II-main\output\receipts\receipt_2.pdf</msg>
<status status="PASS" starttime="20220721 17:58:13.425" endtime="20220721 17:58:13.440"/>
</kw>
<msg timestamp="20220721 17:58:13.442" level="INFO">${pdf} = c:\Users\balakumar.gopalakris\Downloads\rpa_-_order-robot_-_robocorp-certificate_II-main\rpa_-_order-robot_-_robocorp-certificate_II-main\output\receipts\receipt_2.pdf</msg>
<status status="PASS" starttime="20220721 17:58:13.399" endtime="20220721 17:58:13.442"/>
</kw>
<kw name="Embed robot preview screenshot to receipt PDF file">
<arg>${screenshot}</arg>
<arg>${pdf}</arg>
<kw name="Open Pdf" library="RPA.PDF">
<arg>${pdf}</arg>
<doc>Open a PDF document for reading.</doc>
<status status="PASS" starttime="20220721 17:58:13.445" endtime="20220721 17:58:13.454"/>
</kw>
<kw name="Create List" library="BuiltIn">
<var>${image_files}</var>
<arg>${screenshot}:align=center</arg>
<doc>Returns a list containing given items.</doc>
<msg timestamp="20220721 17:58:13.457" level="INFO">${image_files} = ['c:\\Users\\balakumar.gopalakris\\Downloads\\rpa_-_order-robot_-_robocorp-certificate_II-main\\rpa_-_order-robot_-_robocorp-certificate_II-main\\output\\screenshots\\robot_preview_image_2.png:align=c...</msg>
<status status="PASS" starttime="20220721 17:58:13.455" endtime="20220721 17:58:13.457"/>
</kw>
<kw name="Add Files To Pdf" library="RPA.PDF">
<arg>${image_files}</arg>
<arg>${pdf}</arg>
<arg>append=True</arg>
<doc>Add images and/or pdfs to new PDF document</doc>
<msg timestamp="20220721 17:58:13.462" level="INFO">Adding page: 0</msg>
<msg timestamp="20220721 17:58:13.462" level="INFO">File c:\Users\balakumar.gopalakris\Downloads\rpa_-_order-robot_-_robocorp-certificate_II-main\rpa_-_order-robot_-_robocorp-certificate_II-main\output\screenshots\robot_preview_image_2.png type: png</msg>
<msg timestamp="20220721 17:58:13.463" level="INFO">Image parameters: {'align': 'center'}</msg>
<status status="PASS" starttime="20220721 17:58:13.458" endtime="20220721 17:58:13.686"/>
</kw>
<kw name="Close Pdf" library="RPA.PDF">
<arg>${pdf}</arg>
<doc>Close PDF file descriptor for certain file.</doc>
<msg timestamp="20220721 17:58:13.688" level="INFO">Closing PDF document: c:\Users\balakumar.gopalakris\Downloads\rpa_-_order-robot_-_robocorp-certificate_II-main\rpa_-_order-robot_-_robocorp-certificate_II-main\output\receipts\receipt_2.pdf</msg>
<status status="PASS" starttime="20220721 17:58:13.687" endtime="20220721 17:58:13.689"/>
</kw>
<status status="PASS" starttime="20220721 17:58:13.443" endtime="20220721 17:58:13.690"/>
</kw>
<status status="PASS" starttime="20220721 17:58:13.397" endtime="20220721 17:58:13.691"/>
</kw>
<kw name="Order new robot">
<kw name="Click" library="RPA.Browser.Playwright">
<arg>${order_page_order_another_btn}</arg>
<tag>PageContent</tag>
<tag>Setter</tag>
<doc>Simulates mouse click on the element found by ``selector``.</doc>
<status status="PASS" starttime="20220721 17:58:13.693" endtime="20220721 17:58:13.795"/>
</kw>
<kw name="Wait For Elements State" library="RPA.Browser.Playwright">
<arg>${order_page_submit_btn}</arg>
<arg>visible</arg>
<tag>PageContent</tag>
<tag>Wait</tag>
<doc>Waits for the element found by ``selector`` to satisfy state option.</doc>
<msg timestamp="20220721 17:58:13.825" level="INFO">Wait for Element with selector: id=order</msg>
<status status="PASS" starttime="20220721 17:58:13.797" endtime="20220721 17:58:13.825"/>
</kw>
<status status="PASS" starttime="20220721 17:58:13.691" endtime="20220721 17:58:13.826"/>
</kw>
<status status="PASS" starttime="20220721 17:57:51.494" endtime="20220721 17:58:13.827"/>
</iter>
<iter>
<var name="${order}">{'Order number': '3', 'Head': '6', 'Body': '2', 'Legs': '3', 'Address': 'Address 789'}</var>
<kw name="Close modal">
<kw name="Click" library="RPA.Browser.Playwright">
<arg>${cookies_accept_btn}</arg>
<tag>PageContent</tag>
<tag>Setter</tag>
<doc>Simulates mouse click on the element found by ``selector``.</doc>
<status status="PASS" starttime="20220721 17:58:13.831" endtime="20220721 17:58:13.909"/>
</kw>
<kw name="Wait For Elements State" library="RPA.Browser.Playwright">
<arg>${modal_content}</arg>
<arg>hidden</arg>
<tag>PageContent</tag>
<tag>Wait</tag>
<doc>Waits for the element found by ``selector`` to satisfy state option.</doc>
<msg timestamp="20220721 17:58:13.923" level="INFO">Wait for Element with selector: .modal-content</msg>
<status status="PASS" starttime="20220721 17:58:13.910" endtime="20220721 17:58:13.925"/>
</kw>
<status status="PASS" starttime="20220721 17:58:13.829" endtime="20220721 17:58:13.926"/>
</kw>
<kw name="Fill order form">
<arg>${order}</arg>
<kw name="Fill in order parameters" library="OrderPage">
<arg>${order_table_row}</arg>
<kw name="Select Options By" library="RPA.Browser.Playwright">
<arg>${order_page_head_select}</arg>
<arg>value</arg>
<arg>${order_table_row}[Head]</arg>
<tag>PageContent</tag>
<tag>Setter</tag>
<doc>Selects options from select element found by ``selector``.</doc>
<status status="PASS" starttime="20220721 17:58:13.930" endtime="20220721 17:58:13.951"/>
</kw>
<kw name="Check Checkbox" library="RPA.Browser.Playwright">
<arg>${order_page_body_checkbox_prefix}${order_table_row}[Body]</arg>
<tag>PageContent</tag>
<tag>Setter</tag>
<doc>Checks the checkbox or selects radio button found by ``selector``.</doc>
<status status="PASS" starttime="20220721 17:58:13.953" endtime="20220721 17:58:13.979"/>
</kw>
<kw name="Fill Text" library="RPA.Browser.Playwright">
<arg>${order_page_legs_part_number_field}</arg>
<arg>${order_table_row}[Legs]</arg>
<tag>PageContent</tag>
<tag>Setter</tag>
<doc>Clears and fills the given ``txt`` into the text field found by ``selector``.</doc>
<msg timestamp="20220721 17:58:13.982" level="INFO">Fills the text '3' in the given field.</msg>
<status status="PASS" starttime="20220721 17:58:13.980" endtime="20220721 17:58:14.005"/>
</kw>
<kw name="Fill Text" library="RPA.Browser.Playwright">
<arg>${order_page_address_field}</arg>
<arg>${order_table_row}[Address]</arg>
<tag>PageContent</tag>
<tag>Setter</tag>
<doc>Clears and fills the given ``txt`` into the text field found by ``selector``.</doc>
<msg timestamp="20220721 17:58:14.008" level="INFO">Fills the text 'Address 789' in the given field.</msg>
<status status="PASS" starttime="20220721 17:58:14.007" endtime="20220721 17:58:14.027"/>
</kw>
<status status="PASS" starttime="20220721 17:58:13.929" endtime="20220721 17:58:14.028"/>
</kw>
<status status="PASS" starttime="20220721 17:58:13.927" endtime="20220721 17:58:14.029"/>
</kw>
<kw name="Preview robot">
<kw name="Click" library="RPA.Browser.Playwright">
<arg>${order_page_preview_btn}</arg>
<tag>PageContent</tag>
<tag>Setter</tag>
<doc>Simulates mouse click on the element found by ``selector``.</doc>
<status status="PASS" starttime="20220721 17:58:14.032" endtime="20220721 17:58:14.086"/>
</kw>
<kw name="Wait For Elements State" library="RPA.Browser.Playwright">
<arg>${order_page_robot_preview_image}</arg>
<arg>visible</arg>
<tag>PageContent</tag>
<tag>Wait</tag>
<doc>Waits for the element found by ``selector`` to satisfy state option.</doc>
<msg timestamp="20220721 17:58:14.106" level="INFO">Wait for Element with selector: id=robot-preview-image</msg>
<status status="PASS" starttime="20220721 17:58:14.087" endtime="20220721 17:58:14.106"/>
</kw>
<status status="PASS" starttime="20220721 17:58:14.030" endtime="20220721 17:58:14.107"/>
</kw>
<kw name="Take screenshot of the robot image">
<var>${screenshot}</var>
<arg>${order}[Order number]</arg>
<kw name="Set Local Variable" library="BuiltIn">
<arg>${file_path}</arg>
<arg>${screenshot_dir}${/}robot_preview_image_${order_number}.png</arg>
<doc>Makes a variable available everywhere within the local scope.</doc>
<msg timestamp="20220721 17:58:14.115" level="INFO">${file_path} = c:\Users\balakumar.gopalakris\Downloads\rpa_-_order-robot_-_robocorp-certificate_II-main\rpa_-_order-robot_-_robocorp-certificate_II-main\output\screenshots\robot_preview_image_3.png</msg>
<status status="PASS" starttime="20220721 17:58:14.110" endtime="20220721 17:58:14.115"/>
</kw>
<kw name="Take Screenshot" library="RPA.Browser.Playwright">
<arg>filename=${file_path}</arg>
<arg>selector=${order_page_robot_preview_image}</arg>
<arg>fullPage=False</arg>
<arg>timeout=2</arg>
<tag>PageContent</tag>
<doc>Takes a screenshot of the current window or element and saves it to disk.</doc>
<msg timestamp="20220721 17:58:14.216" level="INFO" html="true">&lt;/td&gt;&lt;/tr&gt;&lt;tr&gt;&lt;td colspan="3"&gt;&lt;a href="file:///C:/Users/balakumar.gopalakris/Downloads/rpa_-_order-robot_-_robocorp-certificate_II-main/rpa_-_order-robot_-_robocorp-certificate_II-main/output/screenshots/robot_preview_image_3.png"&gt;&lt;img src="file:///C:/Users/balakumar.gopalakris/Downloads/rpa_-_order-robot_-_robocorp-certificate_II-main/rpa_-_order-robot_-_robocorp-certificate_II-main/output/screenshots/robot_preview_image_3.png" width="800px"&gt;&lt;/a&gt;</msg>
<status status="PASS" starttime="20220721 17:58:14.116" endtime="20220721 17:58:14.217"/>
</kw>
<msg timestamp="20220721 17:58:14.218" level="INFO">${screenshot} = c:\Users\balakumar.gopalakris\Downloads\rpa_-_order-robot_-_robocorp-certificate_II-main\rpa_-_order-robot_-_robocorp-certificate_II-main\output\screenshots\robot_preview_image_3.png</msg>
<status status="PASS" starttime="20220721 17:58:14.108" endtime="20220721 17:58:14.219"/>
</kw>
<kw name="Wait Until Keyword Succeeds" library="BuiltIn">
<arg>5x</arg>
<arg>0.5 sec</arg>
<arg>Submit order</arg>
<doc>Runs the specified keyword and retries if it fails.</doc>
<kw name="Submit order">
<kw name="Click" library="RPA.Browser.Playwright">
<arg>${order_page_submit_btn}</arg>
<tag>PageContent</tag>
<tag>Setter</tag>
<doc>Simulates mouse click on the element found by ``selector``.</doc>
<status status="PASS" starttime="20220721 17:58:14.223" endtime="20220721 17:58:14.281"/>
</kw>
<kw name="Wait For Elements State" library="RPA.Browser.Playwright">
<arg>${order_page_receipt_alert}</arg>
<arg>visible</arg>
<tag>PageContent</tag>
<tag>Wait</tag>
<doc>Waits for the element found by ``selector`` to satisfy state option.</doc>
<msg timestamp="20220721 17:58:24.393" level="INFO" html="true">&lt;/td&gt;&lt;/tr&gt;&lt;tr&gt;&lt;td colspan="3"&gt;&lt;a href="browser/screenshot/fail-screenshot-3.png"&gt;&lt;img src="browser/screenshot/fail-screenshot-3.png" width="800px"&gt;&lt;/a&gt;</msg>
<msg timestamp="20220721 17:58:24.395" level="FAIL">TimeoutError: page.waitForSelector: Timeout 10000ms exceeded.
=========================== logs ===========================
waiting for selector "id=receipt" to be visible
============================================================</msg>
<status status="FAIL" starttime="20220721 17:58:14.282" endtime="20220721 17:58:24.396"/>
</kw>
<kw name="Wait For Elements State" library="RPA.Browser.Playwright">
<arg>${order_page_order_another_btn}</arg>
<arg>visible</arg>
<tag>PageContent</tag>
<tag>Wait</tag>
<doc>Waits for the element found by ``selector`` to satisfy state option.</doc>
<status status="NOT RUN" starttime="20220721 17:58:24.399" endtime="20220721 17:58:24.400"/>
</kw>
<status status="FAIL" starttime="20220721 17:58:14.221" endtime="20220721 17:58:24.402"/>
</kw>
<kw name="Submit order">
<kw name="Click" library="RPA.Browser.Playwright">
<arg>${order_page_submit_btn}</arg>
<tag>PageContent</tag>
<tag>Setter</tag>
<doc>Simulates mouse click on the element found by ``selector``.</doc>
<status status="PASS" starttime="20220721 17:58:24.907" endtime="20220721 17:58:24.947"/>
</kw>
<kw name="Wait For Elements State" library="RPA.Browser.Playwright">
<arg>${order_page_receipt_alert}</arg>
<arg>visible</arg>
<tag>PageContent</tag>
<tag>Wait</tag>
<doc>Waits for the element found by ``selector`` to satisfy state option.</doc>
<msg timestamp="20220721 17:58:35.071" level="INFO" html="true">&lt;/td&gt;&lt;/tr&gt;&lt;tr&gt;&lt;td colspan="3"&gt;&lt;a href="browser/screenshot/fail-screenshot-4.png"&gt;&lt;img src="browser/screenshot/fail-screenshot-4.png" width="800px"&gt;&lt;/a&gt;</msg>
<msg timestamp="20220721 17:58:35.073" level="FAIL">TimeoutError: page.waitForSelector: Timeout 10000ms exceeded.
=========================== logs ===========================
waiting for selector "id=receipt" to be visible
============================================================</msg>
<status status="FAIL" starttime="20220721 17:58:24.948" endtime="20220721 17:58:35.075"/>
</kw>
<kw name="Wait For Elements State" library="RPA.Browser.Playwright">
<arg>${order_page_order_another_btn}</arg>
<arg>visible</arg>
<tag>PageContent</tag>
<tag>Wait</tag>
<doc>Waits for the element found by ``selector`` to satisfy state option.</doc>
<status status="NOT RUN" starttime="20220721 17:58:35.077" endtime="20220721 17:58:35.078"/>
</kw>
<status status="FAIL" starttime="20220721 17:58:24.905" endtime="20220721 17:58:35.080"/>
</kw>
<kw name="Submit order">
<kw name="Click" library="RPA.Browser.Playwright">
<arg>${order_page_submit_btn}</arg>
<tag>PageContent</tag>
<tag>Setter</tag>
<doc>Simulates mouse click on the element found by ``selector``.</doc>
<status status="PASS" starttime="20220721 17:58:35.595" endtime="20220721 17:58:35.628"/>
</kw>
<kw name="Wait For Elements State" library="RPA.Browser.Playwright">
<arg>${order_page_receipt_alert}</arg>
<arg>visible</arg>
<tag>PageContent</tag>
<tag>Wait</tag>
<doc>Waits for the element found by ``selector`` to satisfy state option.</doc>
<msg timestamp="20220721 17:58:35.643" level="INFO">Wait for Element with selector: id=receipt</msg>
<status status="PASS" starttime="20220721 17:58:35.629" endtime="20220721 17:58:35.644"/>
</kw>
<kw name="Wait For Elements State" library="RPA.Browser.Playwright">
<arg>${order_page_order_another_btn}</arg>
<arg>visible</arg>
<tag>PageContent</tag>
<tag>Wait</tag>
<doc>Waits for the element found by ``selector`` to satisfy state option.</doc>
<msg timestamp="20220721 17:58:35.656" level="INFO">Wait for Element with selector: id=order-another</msg>
<status status="PASS" starttime="20220721 17:58:35.645" endtime="20220721 17:58:35.657"/>
</kw>
<status status="PASS" starttime="20220721 17:58:35.593" endtime="20220721 17:58:35.658"/>
</kw>
<status status="PASS" starttime="20220721 17:58:14.220" endtime="20220721 17:58:35.658"/>
</kw>
<kw name="Create receipt PDF with robot preview image">
<arg>${order}[Order number]</arg>
<arg>${screenshot}</arg>
<kw name="Store order receipt as PDF file">
<var>${pdf}</var>
<arg>${order_number}</arg>
<kw name="Get Property" library="RPA.Browser.Playwright">
<var>${receipt_html}</var>
<arg>${order_page_receipt_alert}</arg>
<arg>outerHTML</arg>
<tag>Assertion</tag>
<tag>Getter</tag>
<tag>PageContent</tag>
<doc>Returns the ``property`` of the element found by ``selector``.</doc>
<msg timestamp="20220721 17:58:35.686" level="INFO">${receipt_html} = &lt;div id="receipt" class="alert alert-success" role="alert"&gt;&lt;h3&gt;Receipt&lt;/h3&gt;&lt;div&gt;2022-07-21T12:28:35.622Z&lt;/div&gt;&lt;p class="badge badge-success"&gt;RSB-ROBO-ORDER-HA15DLDRN&lt;/p&gt;&lt;p&gt;Address 789&lt;/p&gt;&lt;div id="part...</msg>
<status status="PASS" starttime="20220721 17:58:35.664" endtime="20220721 17:58:35.686"/>
</kw>
<kw name="Set Local Variable" library="BuiltIn">
<arg>${file_path}</arg>
<arg>${receipt_dir}${/}receipt_${order_number}.pdf</arg>
<doc>Makes a variable available everywhere within the local scope.</doc>
<msg timestamp="20220721 17:58:35.693" level="INFO">${file_path} = c:\Users\balakumar.gopalakris\Downloads\rpa_-_order-robot_-_robocorp-certificate_II-main\rpa_-_order-robot_-_robocorp-certificate_II-main\output\receipts\receipt_3.pdf</msg>
<status status="PASS" starttime="20220721 17:58:35.688" endtime="20220721 17:58:35.693"/>
</kw>
<kw name="Html To Pdf" library="RPA.PDF">
<arg>${receipt_html}</arg>
<arg>${file_path}</arg>
<doc>Generate a PDF file from HTML content.</doc>
<msg timestamp="20220721 17:58:35.697" level="INFO">Writing output to file C:\Users\balakumar.gopalakris\Downloads\rpa_-_order-robot_-_robocorp-certificate_II-main\rpa_-_order-robot_-_robocorp-certificate_II-main\output\receipts\receipt_3.pdf</msg>
<status status="PASS" starttime="20220721 17:58:35.694" endtime="20220721 17:58:35.712"/>
</kw>
<msg timestamp="20220721 17:58:35.714" level="INFO">${pdf} = c:\Users\balakumar.gopalakris\Downloads\rpa_-_order-robot_-_robocorp-certificate_II-main\rpa_-_order-robot_-_robocorp-certificate_II-main\output\receipts\receipt_3.pdf</msg>
<status status="PASS" starttime="20220721 17:58:35.662" endtime="20220721 17:58:35.714"/>
</kw>
<kw name="Embed robot preview screenshot to receipt PDF file">
<arg>${screenshot}</arg>
<arg>${pdf}</arg>
<kw name="Open Pdf" library="RPA.PDF">
<arg>${pdf}</arg>
<doc>Open a PDF document for reading.</doc>
<status status="PASS" starttime="20220721 17:58:35.717" endtime="20220721 17:58:35.724"/>
</kw>
<kw name="Create List" library="BuiltIn">
<var>${image_files}</var>
<arg>${screenshot}:align=center</arg>
<doc>Returns a list containing given items.</doc>
<msg timestamp="20220721 17:58:35.727" level="INFO">${image_files} = ['c:\\Users\\balakumar.gopalakris\\Downloads\\rpa_-_order-robot_-_robocorp-certificate_II-main\\rpa_-_order-robot_-_robocorp-certificate_II-main\\output\\screenshots\\robot_preview_image_3.png:align=c...</msg>
<status status="PASS" starttime="20220721 17:58:35.725" endtime="20220721 17:58:35.727"/>
</kw>
<kw name="Add Files To Pdf" library="RPA.PDF">
<arg>${image_files}</arg>
<arg>${pdf}</arg>
<arg>append=True</arg>
<doc>Add images and/or pdfs to new PDF document</doc>
<msg timestamp="20220721 17:58:35.732" level="INFO">Adding page: 0</msg>
<msg timestamp="20220721 17:58:35.733" level="INFO">File c:\Users\balakumar.gopalakris\Downloads\rpa_-_order-robot_-_robocorp-certificate_II-main\rpa_-_order-robot_-_robocorp-certificate_II-main\output\screenshots\robot_preview_image_3.png type: png</msg>
<msg timestamp="20220721 17:58:35.734" level="INFO">Image parameters: {'align': 'center'}</msg>
<status status="PASS" starttime="20220721 17:58:35.728" endtime="20220721 17:58:36.742"/>
</kw>
<kw name="Close Pdf" library="RPA.PDF">
<arg>${pdf}</arg>
<doc>Close PDF file descriptor for certain file.</doc>
<msg timestamp="20220721 17:58:36.745" level="INFO">Closing PDF document: c:\Users\balakumar.gopalakris\Downloads\rpa_-_order-robot_-_robocorp-certificate_II-main\rpa_-_order-robot_-_robocorp-certificate_II-main\output\receipts\receipt_3.pdf</msg>
<status status="PASS" starttime="20220721 17:58:36.743" endtime="20220721 17:58:36.745"/>
</kw>
<status status="PASS" starttime="20220721 17:58:35.715" endtime="20220721 17:58:36.746"/>
</kw>
<status status="PASS" starttime="20220721 17:58:35.660" endtime="20220721 17:58:36.748"/>
</kw>
<kw name="Order new robot">
<kw name="Click" library="RPA.Browser.Playwright">
<arg>${order_page_order_another_btn}</arg>
<tag>PageContent</tag>
<tag>Setter</tag>
<doc>Simulates mouse click on the element found by ``selector``.</doc>
<status status="PASS" starttime="20220721 17:58:36.750" endtime="20220721 17:58:36.843"/>
</kw>
<kw name="Wait For Elements State" library="RPA.Browser.Playwright">
<arg>${order_page_submit_btn}</arg>
<arg>visible</arg>
<tag>PageContent</tag>
<tag>Wait</tag>
<doc>Waits for the element found by ``selector`` to satisfy state option.</doc>
<msg timestamp="20220721 17:58:36.870" level="INFO">Wait for Element with selector: id=order</msg>
<status status="PASS" starttime="20220721 17:58:36.845" endtime="20220721 17:58:36.871"/>
</kw>
<status status="PASS" starttime="20220721 17:58:36.749" endtime="20220721 17:58:36.872"/>
</kw>
<status status="PASS" starttime="20220721 17:58:13.828" endtime="20220721 17:58:36.873"/>
</iter>
<iter>
<var name="${order}">{'Order number': '4', 'Head': '2', 'Body': '3', 'Legs': '2', 'Address': 'Address 1'}</var>
<kw name="Close modal">
<kw name="Click" library="RPA.Browser.Playwright">
<arg>${cookies_accept_btn}</arg>
<tag>PageContent</tag>
<tag>Setter</tag>
<doc>Simulates mouse click on the element found by ``selector``.</doc>
<status status="PASS" starttime="20220721 17:58:36.877" endtime="20220721 17:58:36.915"/>
</kw>
<kw name="Wait For Elements State" library="RPA.Browser.Playwright">
<arg>${modal_content}</arg>
<arg>hidden</arg>
<tag>PageContent</tag>
<tag>Wait</tag>
<doc>Waits for the element found by ``selector`` to satisfy state option.</doc>
<msg timestamp="20220721 17:58:36.929" level="INFO">Wait for Element with selector: .modal-content</msg>
<status status="PASS" starttime="20220721 17:58:36.916" endtime="20220721 17:58:36.930"/>
</kw>
<status status="PASS" starttime="20220721 17:58:36.874" endtime="20220721 17:58:36.931"/>
</kw>
<kw name="Fill order form">
<arg>${order}</arg>
<kw name="Fill in order parameters" library="OrderPage">
<arg>${order_table_row}</arg>
<kw name="Select Options By" library="RPA.Browser.Playwright">
<arg>${order_page_head_select}</arg>
<arg>value</arg>
<arg>${order_table_row}[Head]</arg>
<tag>PageContent</tag>
<tag>Setter</tag>
<doc>Selects options from select element found by ``selector``.</doc>
<status status="PASS" starttime="20220721 17:58:36.936" endtime="20220721 17:58:36.954"/>
</kw>
<kw name="Check Checkbox" library="RPA.Browser.Playwright">
<arg>${order_page_body_checkbox_prefix}${order_table_row}[Body]</arg>
<tag>PageContent</tag>
<tag>Setter</tag>
<doc>Checks the checkbox or selects radio button found by ``selector``.</doc>
<status status="PASS" starttime="20220721 17:58:36.955" endtime="20220721 17:58:36.995"/>
</kw>
<kw name="Fill Text" library="RPA.Browser.Playwright">
<arg>${order_page_legs_part_number_field}</arg>
<arg>${order_table_row}[Legs]</arg>
<tag>PageContent</tag>
<tag>Setter</tag>
<doc>Clears and fills the given ``txt`` into the text field found by ``selector``.</doc>
<msg timestamp="20220721 17:58:36.998" level="INFO">Fills the text '2' in the given field.</msg>
<status status="PASS" starttime="20220721 17:58:36.996" endtime="20220721 17:58:37.015"/>
</kw>
<kw name="Fill Text" library="RPA.Browser.Playwright">
<arg>${order_page_address_field}</arg>
<arg>${order_table_row}[Address]</arg>
<tag>PageContent</tag>
<tag>Setter</tag>
<doc>Clears and fills the given ``txt`` into the text field found by ``selector``.</doc>
<msg timestamp="20220721 17:58:37.019" level="INFO">Fills the text 'Address 1' in the given field.</msg>
<status status="PASS" starttime="20220721 17:58:37.017" endtime="20220721 17:58:37.039"/>
</kw>
<status status="PASS" starttime="20220721 17:58:36.934" endtime="20220721 17:58:37.040"/>
</kw>
<status status="PASS" starttime="20220721 17:58:36.932" endtime="20220721 17:58:37.041"/>
</kw>
<kw name="Preview robot">
<kw name="Click" library="RPA.Browser.Playwright">
<arg>${order_page_preview_btn}</arg>
<tag>PageContent</tag>
<tag>Setter</tag>
<doc>Simulates mouse click on the element found by ``selector``.</doc>
<status status="PASS" starttime="20220721 17:58:37.044" endtime="20220721 17:58:37.104"/>
</kw>
<kw name="Wait For Elements State" library="RPA.Browser.Playwright">
<arg>${order_page_robot_preview_image}</arg>
<arg>visible</arg>
<tag>PageContent</tag>
<tag>Wait</tag>
<doc>Waits for the element found by ``selector`` to satisfy state option.</doc>
<msg timestamp="20220721 17:58:37.117" level="INFO">Wait for Element with selector: id=robot-preview-image</msg>
<status status="PASS" starttime="20220721 17:58:37.106" endtime="20220721 17:58:37.118"/>
</kw>
<status status="PASS" starttime="20220721 17:58:37.042" endtime="20220721 17:58:37.119"/>
</kw>
<kw name="Take screenshot of the robot image">
<var>${screenshot}</var>
<arg>${order}[Order number]</arg>
<kw name="Set Local Variable" library="BuiltIn">
<arg>${file_path}</arg>
<arg>${screenshot_dir}${/}robot_preview_image_${order_number}.png</arg>
<doc>Makes a variable available everywhere within the local scope.</doc>
<msg timestamp="20220721 17:58:37.127" level="INFO">${file_path} = c:\Users\balakumar.gopalakris\Downloads\rpa_-_order-robot_-_robocorp-certificate_II-main\rpa_-_order-robot_-_robocorp-certificate_II-main\output\screenshots\robot_preview_image_4.png</msg>
<status status="PASS" starttime="20220721 17:58:37.122" endtime="20220721 17:58:37.127"/>
</kw>
<kw name="Take Screenshot" library="RPA.Browser.Playwright">
<arg>filename=${file_path}</arg>
<arg>selector=${order_page_robot_preview_image}</arg>
<arg>fullPage=False</arg>
<arg>timeout=2</arg>
<tag>PageContent</tag>
<doc>Takes a screenshot of the current window or element and saves it to disk.</doc>
<msg timestamp="20220721 17:58:37.208" level="INFO" html="true">&lt;/td&gt;&lt;/tr&gt;&lt;tr&gt;&lt;td colspan="3"&gt;&lt;a href="file:///C:/Users/balakumar.gopalakris/Downloads/rpa_-_order-robot_-_robocorp-certificate_II-main/rpa_-_order-robot_-_robocorp-certificate_II-main/output/screenshots/robot_preview_image_4.png"&gt;&lt;img src="file:///C:/Users/balakumar.gopalakris/Downloads/rpa_-_order-robot_-_robocorp-certificate_II-main/rpa_-_order-robot_-_robocorp-certificate_II-main/output/screenshots/robot_preview_image_4.png" width="800px"&gt;&lt;/a&gt;</msg>
<status status="PASS" starttime="20220721 17:58:37.128" endtime="20220721 17:58:37.209"/>
</kw>
<msg timestamp="20220721 17:58:37.210" level="INFO">${screenshot} = c:\Users\balakumar.gopalakris\Downloads\rpa_-_order-robot_-_robocorp-certificate_II-main\rpa_-_order-robot_-_robocorp-certificate_II-main\output\screenshots\robot_preview_image_4.png</msg>
<status status="PASS" starttime="20220721 17:58:37.120" endtime="20220721 17:58:37.210"/>
</kw>
<kw name="Wait Until Keyword Succeeds" library="BuiltIn">
<arg>5x</arg>
<arg>0.5 sec</arg>
<arg>Submit order</arg>
<doc>Runs the specified keyword and retries if it fails.</doc>
<kw name="Submit order">
<kw name="Click" library="RPA.Browser.Playwright">
<arg>${order_page_submit_btn}</arg>
<tag>PageContent</tag>
<tag>Setter</tag>
<doc>Simulates mouse click on the element found by ``selector``.</doc>
<status status="PASS" starttime="20220721 17:58:37.214" endtime="20220721 17:58:37.265"/>
</kw>
<kw name="Wait For Elements State" library="RPA.Browser.Playwright">
<arg>${order_page_receipt_alert}</arg>
<arg>visible</arg>
<tag>PageContent</tag>
<tag>Wait</tag>
<doc>Waits for the element found by ``selector`` to satisfy state option.</doc>
<msg timestamp="20220721 17:58:37.281" level="INFO">Wait for Element with selector: id=receipt</msg>
<status status="PASS" starttime="20220721 17:58:37.266" endtime="20220721 17:58:37.281"/>
</kw>
<kw name="Wait For Elements State" library="RPA.Browser.Playwright">
<arg>${order_page_order_another_btn}</arg>
<arg>visible</arg>
<tag>PageContent</tag>
<tag>Wait</tag>
<doc>Waits for the element found by ``selector`` to satisfy state option.</doc>
<msg timestamp="20220721 17:58:37.295" level="INFO">Wait for Element with selector: id=order-another</msg>
<status status="PASS" starttime="20220721 17:58:37.283" endtime="20220721 17:58:37.295"/>
</kw>
<status status="PASS" starttime="20220721 17:58:37.212" endtime="20220721 17:58:37.296"/>
</kw>
<status status="PASS" starttime="20220721 17:58:37.211" endtime="20220721 17:58:37.297"/>
</kw>
<kw name="Create receipt PDF with robot preview image">
<arg>${order}[Order number]</arg>
<arg>${screenshot}</arg>
<kw name="Store order receipt as PDF file">
<var>${pdf}</var>
<arg>${order_number}</arg>
<kw name="Get Property" library="RPA.Browser.Playwright">
<var>${receipt_html}</var>
<arg>${order_page_receipt_alert}</arg>
<arg>outerHTML</arg>
<tag>Assertion</tag>
<tag>Getter</tag>
<tag>PageContent</tag>
<doc>Returns the ``property`` of the element found by ``selector``.</doc>
<msg timestamp="20220721 17:58:37.319" level="INFO">${receipt_html} = &lt;div id="receipt" class="alert alert-success" role="alert"&gt;&lt;h3&gt;Receipt&lt;/h3&gt;&lt;div&gt;2022-07-21T12:28:37.258Z&lt;/div&gt;&lt;p class="badge badge-success"&gt;RSB-ROBO-ORDER-ZF6ZHZCC8I&lt;/p&gt;&lt;p&gt;Address 1&lt;/p&gt;&lt;div id="parts...</msg>
<status status="PASS" starttime="20220721 17:58:37.302" endtime="20220721 17:58:37.319"/>
</kw>
<kw name="Set Local Variable" library="BuiltIn">
<arg>${file_path}</arg>
<arg>${receipt_dir}${/}receipt_${order_number}.pdf</arg>
<doc>Makes a variable available everywhere within the local scope.</doc>
<msg timestamp="20220721 17:58:37.326" level="INFO">${file_path} = c:\Users\balakumar.gopalakris\Downloads\rpa_-_order-robot_-_robocorp-certificate_II-main\rpa_-_order-robot_-_robocorp-certificate_II-main\output\receipts\receipt_4.pdf</msg>
<status status="PASS" starttime="20220721 17:58:37.320" endtime="20220721 17:58:37.327"/>
</kw>
<kw name="Html To Pdf" library="RPA.PDF">
<arg>${receipt_html}</arg>
<arg>${file_path}</arg>
<doc>Generate a PDF file from HTML content.</doc>
<msg timestamp="20220721 17:58:37.330" level="INFO">Writing output to file C:\Users\balakumar.gopalakris\Downloads\rpa_-_order-robot_-_robocorp-certificate_II-main\rpa_-_order-robot_-_robocorp-certificate_II-main\output\receipts\receipt_4.pdf</msg>
<status status="PASS" starttime="20220721 17:58:37.328" endtime="20220721 17:58:37.348"/>
</kw>
<msg timestamp="20220721 17:58:37.350" level="INFO">${pdf} = c:\Users\balakumar.gopalakris\Downloads\rpa_-_order-robot_-_robocorp-certificate_II-main\rpa_-_order-robot_-_robocorp-certificate_II-main\output\receipts\receipt_4.pdf</msg>
<status status="PASS" starttime="20220721 17:58:37.300" endtime="20220721 17:58:37.350"/>
</kw>
<kw name="Embed robot preview screenshot to receipt PDF file">
<arg>${screenshot}</arg>
<arg>${pdf}</arg>
<kw name="Open Pdf" library="RPA.PDF">
<arg>${pdf}</arg>
<doc>Open a PDF document for reading.</doc>
<status status="PASS" starttime="20220721 17:58:37.353" endtime="20220721 17:58:37.359"/>
</kw>
<kw name="Create List" library="BuiltIn">
<var>${image_files}</var>
<arg>${screenshot}:align=center</arg>
<doc>Returns a list containing given items.</doc>
<msg timestamp="20220721 17:58:37.362" level="INFO">${image_files} = ['c:\\Users\\balakumar.gopalakris\\Downloads\\rpa_-_order-robot_-_robocorp-certificate_II-main\\rpa_-_order-robot_-_robocorp-certificate_II-main\\output\\screenshots\\robot_preview_image_4.png:align=c...</msg>
<status status="PASS" starttime="20220721 17:58:37.360" endtime="20220721 17:58:37.362"/>
</kw>
<kw name="Add Files To Pdf" library="RPA.PDF">
<arg>${image_files}</arg>
<arg>${pdf}</arg>
<arg>append=True</arg>
<doc>Add images and/or pdfs to new PDF document</doc>
<msg timestamp="20220721 17:58:37.367" level="INFO">Adding page: 0</msg>
<msg timestamp="20220721 17:58:37.367" level="INFO">File c:\Users\balakumar.gopalakris\Downloads\rpa_-_order-robot_-_robocorp-certificate_II-main\rpa_-_order-robot_-_robocorp-certificate_II-main\output\screenshots\robot_preview_image_4.png type: png</msg>
<msg timestamp="20220721 17:58:37.368" level="INFO">Image parameters: {'align': 'center'}</msg>
<status status="PASS" starttime="20220721 17:58:37.363" endtime="20220721 17:58:37.591"/>
</kw>
<kw name="Close Pdf" library="RPA.PDF">
<arg>${pdf}</arg>
<doc>Close PDF file descriptor for certain file.</doc>
<msg timestamp="20220721 17:58:37.594" level="INFO">Closing PDF document: c:\Users\balakumar.gopalakris\Downloads\rpa_-_order-robot_-_robocorp-certificate_II-main\rpa_-_order-robot_-_robocorp-certificate_II-main\output\receipts\receipt_4.pdf</msg>
<status status="PASS" starttime="20220721 17:58:37.592" endtime="20220721 17:58:37.594"/>
</kw>
<status status="PASS" starttime="20220721 17:58:37.351" endtime="20220721 17:58:37.595"/>
</kw>
<status status="PASS" starttime="20220721 17:58:37.298" endtime="20220721 17:58:37.596"/>
</kw>
<kw name="Order new robot">
<kw name="Click" library="RPA.Browser.Playwright">
<arg>${order_page_order_another_btn}</arg>
<tag>PageContent</tag>
<tag>Setter</tag>
<doc>Simulates mouse click on the element found by ``selector``.</doc>
<status status="PASS" starttime="20220721 17:58:37.599" endtime="20220721 17:58:37.700"/>
</kw>
<kw name="Wait For Elements State" library="RPA.Browser.Playwright">
<arg>${order_page_submit_btn}</arg>
<arg>visible</arg>
<tag>PageContent</tag>
<tag>Wait</tag>
<doc>Waits for the element found by ``selector`` to satisfy state option.</doc>
<msg timestamp="20220721 17:58:37.728" level="INFO">Wait for Element with selector: id=order</msg>
<status status="PASS" starttime="20220721 17:58:37.701" endtime="20220721 17:58:37.729"/>
</kw>
<status status="PASS" starttime="20220721 17:58:37.597" endtime="20220721 17:58:37.730"/>
</kw>
<status status="PASS" starttime="20220721 17:58:36.873" endtime="20220721 17:58:37.731"/>
</iter>
<iter>
<var name="${order}">{'Order number': '5', 'Head': '3', 'Body': '5', 'Legs': '1', 'Address': 'Address 2'}</var>
<kw name="Close modal">
<kw name="Click" library="RPA.Browser.Playwright">
<arg>${cookies_accept_btn}</arg>
<tag>PageContent</tag>
<tag>Setter</tag>
<doc>Simulates mouse click on the element found by ``selector``.</doc>
<status status="PASS" starttime="20220721 17:58:37.734" endtime="20220721 17:58:37.761"/>
</kw>
<kw name="Wait For Elements State" library="RPA.Browser.Playwright">
<arg>${modal_content}</arg>
<arg>hidden</arg>
<tag>PageContent</tag>
<tag>Wait</tag>
<doc>Waits for the element found by ``selector`` to satisfy state option.</doc>
<msg timestamp="20220721 17:58:37.774" level="INFO">Wait for Element with selector: .modal-content</msg>
<status status="PASS" starttime="20220721 17:58:37.762" endtime="20220721 17:58:37.774"/>
</kw>
<status status="PASS" starttime="20220721 17:58:37.733" endtime="20220721 17:58:37.775"/>
</kw>
<kw name="Fill order form">
<arg>${order}</arg>
<kw name="Fill in order parameters" library="OrderPage">
<arg>${order_table_row}</arg>
<kw name="Select Options By" library="RPA.Browser.Playwright">
<arg>${order_page_head_select}</arg>
<arg>value</arg>
<arg>${order_table_row}[Head]</arg>
<tag>PageContent</tag>
<tag>Setter</tag>
<doc>Selects options from select element found by ``selector``.</doc>
<status status="PASS" starttime="20220721 17:58:37.780" endtime="20220721 17:58:37.799"/>
</kw>
<kw name="Check Checkbox" library="RPA.Browser.Playwright">
<arg>${order_page_body_checkbox_prefix}${order_table_row}[Body]</arg>
<tag>PageContent</tag>
<tag>Setter</tag>
<doc>Checks the checkbox or selects radio button found by ``selector``.</doc>
<status status="PASS" starttime="20220721 17:58:37.800" endtime="20220721 17:58:37.829"/>
</kw>
<kw name="Fill Text" library="RPA.Browser.Playwright">
<arg>${order_page_legs_part_number_field}</arg>
<arg>${order_table_row}[Legs]</arg>
<tag>PageContent</tag>
<tag>Setter</tag>
<doc>Clears and fills the given ``txt`` into the text field found by ``selector``.</doc>
<msg timestamp="20220721 17:58:37.832" level="INFO">Fills the text '1' in the given field.</msg>
<status status="PASS" starttime="20220721 17:58:37.830" endtime="20220721 17:58:37.849"/>
</kw>
<kw name="Fill Text" library="RPA.Browser.Playwright">
<arg>${order_page_address_field}</arg>
<arg>${order_table_row}[Address]</arg>
<tag>PageContent</tag>
<tag>Setter</tag>
<doc>Clears and fills the given ``txt`` into the text field found by ``selector``.</doc>
<msg timestamp="20220721 17:58:37.853" level="INFO">Fills the text 'Address 2' in the given field.</msg>
<status status="PASS" starttime="20220721 17:58:37.851" endtime="20220721 17:58:37.870"/>
</kw>
<status status="PASS" starttime="20220721 17:58:37.778" endtime="20220721 17:58:37.871"/>
</kw>
<status status="PASS" starttime="20220721 17:58:37.776" endtime="20220721 17:58:37.872"/>
</kw>
<kw name="Preview robot">
<kw name="Click" library="RPA.Browser.Playwright">
<arg>${order_page_preview_btn}</arg>
<tag>PageContent</tag>
<tag>Setter</tag>
<doc>Simulates mouse click on the element found by ``selector``.</doc>
<status status="PASS" starttime="20220721 17:58:37.875" endtime="20220721 17:58:37.932"/>
</kw>
<kw name="Wait For Elements State" library="RPA.Browser.Playwright">
<arg>${order_page_robot_preview_image}</arg>
<arg>visible</arg>
<tag>PageContent</tag>
<tag>Wait</tag>
<doc>Waits for the element found by ``selector`` to satisfy state option.</doc>
<msg timestamp="20220721 17:58:37.947" level="INFO">Wait for Element with selector: id=robot-preview-image</msg>
<status status="PASS" starttime="20220721 17:58:37.934" endtime="20220721 17:58:37.948"/>
</kw>
<status status="PASS" starttime="20220721 17:58:37.873" endtime="20220721 17:58:37.949"/>
</kw>
<kw name="Take screenshot of the robot image">
<var>${screenshot}</var>
<arg>${order}[Order number]</arg>
<kw name="Set Local Variable" library="BuiltIn">
<arg>${file_path}</arg>
<arg>${screenshot_dir}${/}robot_preview_image_${order_number}.png</arg>
<doc>Makes a variable available everywhere within the local scope.</doc>
<msg timestamp="20220721 17:58:37.958" level="INFO">${file_path} = c:\Users\balakumar.gopalakris\Downloads\rpa_-_order-robot_-_robocorp-certificate_II-main\rpa_-_order-robot_-_robocorp-certificate_II-main\output\screenshots\robot_preview_image_5.png</msg>
<status status="PASS" starttime="20220721 17:58:37.952" endtime="20220721 17:58:37.959"/>
</kw>
<kw name="Take Screenshot" library="RPA.Browser.Playwright">
<arg>filename=${file_path}</arg>
<arg>selector=${order_page_robot_preview_image}</arg>
<arg>fullPage=False</arg>
<arg>timeout=2</arg>
<tag>PageContent</tag>
<doc>Takes a screenshot of the current window or element and saves it to disk.</doc>
<msg timestamp="20220721 17:58:38.043" level="INFO" html="true">&lt;/td&gt;&lt;/tr&gt;&lt;tr&gt;&lt;td colspan="3"&gt;&lt;a href="file:///C:/Users/balakumar.gopalakris/Downloads/rpa_-_order-robot_-_robocorp-certificate_II-main/rpa_-_order-robot_-_robocorp-certificate_II-main/output/screenshots/robot_preview_image_5.png"&gt;&lt;img src="file:///C:/Users/balakumar.gopalakris/Downloads/rpa_-_order-robot_-_robocorp-certificate_II-main/rpa_-_order-robot_-_robocorp-certificate_II-main/output/screenshots/robot_preview_image_5.png" width="800px"&gt;&lt;/a&gt;</msg>
<status status="PASS" starttime="20220721 17:58:37.960" endtime="20220721 17:58:38.043"/>
</kw>
<msg timestamp="20220721 17:58:38.044" level="INFO">${screenshot} = c:\Users\balakumar.gopalakris\Downloads\rpa_-_order-robot_-_robocorp-certificate_II-main\rpa_-_order-robot_-_robocorp-certificate_II-main\output\screenshots\robot_preview_image_5.png</msg>
<status status="PASS" starttime="20220721 17:58:37.950" endtime="20220721 17:58:38.045"/>
</kw>
<kw name="Wait Until Keyword Succeeds" library="BuiltIn">
<arg>5x</arg>
<arg>0.5 sec</arg>
<arg>Submit order</arg>
<doc>Runs the specified keyword and retries if it fails.</doc>
<kw name="Submit order">
<kw name="Click" library="RPA.Browser.Playwright">
<arg>${order_page_submit_btn}</arg>
<tag>PageContent</tag>
<tag>Setter</tag>
<doc>Simulates mouse click on the element found by ``selector``.</doc>
<status status="PASS" starttime="20220721 17:58:38.049" endtime="20220721 17:58:38.109"/>
</kw>
<kw name="Wait For Elements State" library="RPA.Browser.Playwright">
<arg>${order_page_receipt_alert}</arg>
<arg>visible</arg>
<tag>PageContent</tag>
<tag>Wait</tag>
<doc>Waits for the element found by ``selector`` to satisfy state option.</doc>
<msg timestamp="20220721 17:58:48.214" level="INFO" html="true">&lt;/td&gt;&lt;/tr&gt;&lt;tr&gt;&lt;td colspan="3"&gt;&lt;a href="browser/screenshot/fail-screenshot-5.png"&gt;&lt;img src="browser/screenshot/fail-screenshot-5.png" width="800px"&gt;&lt;/a&gt;</msg>
<msg timestamp="20220721 17:58:48.217" level="FAIL">TimeoutError: page.waitForSelector: Timeout 10000ms exceeded.
=========================== logs ===========================
waiting for selector "id=receipt" to be visible
============================================================</msg>
<status status="FAIL" starttime="20220721 17:58:38.111" endtime="20220721 17:58:48.219"/>
</kw>
<kw name="Wait For Elements State" library="RPA.Browser.Playwright">
<arg>${order_page_order_another_btn}</arg>
<arg>visible</arg>
<tag>PageContent</tag>
<tag>Wait</tag>
<doc>Waits for the element found by ``selector`` to satisfy state option.</doc>
<status status="NOT RUN" starttime="20220721 17:58:48.220" endtime="20220721 17:58:48.221"/>
</kw>
<status status="FAIL" starttime="20220721 17:58:38.047" endtime="20220721 17:58:48.223"/>
</kw>
<kw name="Submit order">
<kw name="Click" library="RPA.Browser.Playwright">
<arg>${order_page_submit_btn}</arg>
<tag>PageContent</tag>
<tag>Setter</tag>
<doc>Simulates mouse click on the element found by ``selector``.</doc>
<status status="PASS" starttime="20220721 17:58:48.746" endtime="20220721 17:58:48.796"/>
</kw>
<kw name="Wait For Elements State" library="RPA.Browser.Playwright">
<arg>${order_page_receipt_alert}</arg>
<arg>visible</arg>
<tag>PageContent</tag>
<tag>Wait</tag>
<doc>Waits for the element found by ``selector`` to satisfy state option.</doc>
<msg timestamp="20220721 17:58:48.809" level="INFO">Wait for Element with selector: id=receipt</msg>
<status status="PASS" starttime="20220721 17:58:48.798" endtime="20220721 17:58:48.810"/>
</kw>
<kw name="Wait For Elements State" library="RPA.Browser.Playwright">
<arg>${order_page_order_another_btn}</arg>
<arg>visible</arg>
<tag>PageContent</tag>
<tag>Wait</tag>
<doc>Waits for the element found by ``selector`` to satisfy state option.</doc>
<msg timestamp="20220721 17:58:48.822" level="INFO">Wait for Element with selector: id=order-another</msg>
<status status="PASS" starttime="20220721 17:58:48.811" endtime="20220721 17:58:48.822"/>
</kw>
<status status="PASS" starttime="20220721 17:58:48.739" endtime="20220721 17:58:48.823"/>
</kw>
<status status="PASS" starttime="20220721 17:58:38.046" endtime="20220721 17:58:48.824"/>
</kw>
<kw name="Create receipt PDF with robot preview image">
<arg>${order}[Order number]</arg>
<arg>${screenshot}</arg>
<kw name="Store order receipt as PDF file">
<var>${pdf}</var>
<arg>${order_number}</arg>
<kw name="Get Property" library="RPA.Browser.Playwright">
<var>${receipt_html}</var>
<arg>${order_page_receipt_alert}</arg>
<arg>outerHTML</arg>
<tag>Assertion</tag>
<tag>Getter</tag>
<tag>PageContent</tag>
<doc>Returns the ``property`` of the element found by ``selector``.</doc>
<msg timestamp="20220721 17:58:48.845" level="INFO">${receipt_html} = &lt;div id="receipt" class="alert alert-success" role="alert"&gt;&lt;h3&gt;Receipt&lt;/h3&gt;&lt;div&gt;2022-07-21T12:28:48.791Z&lt;/div&gt;&lt;p class="badge badge-success"&gt;RSB-ROBO-ORDER-05VH0A552I&lt;/p&gt;&lt;p&gt;Address 2&lt;/p&gt;&lt;div id="parts...</msg>
<status status="PASS" starttime="20220721 17:58:48.829" endtime="20220721 17:58:48.846"/>
</kw>
<kw name="Set Local Variable" library="BuiltIn">
<arg>${file_path}</arg>
<arg>${receipt_dir}${/}receipt_${order_number}.pdf</arg>
<doc>Makes a variable available everywhere within the local scope.</doc>
<msg timestamp="20220721 17:58:48.852" level="INFO">${file_path} = c:\Users\balakumar.gopalakris\Downloads\rpa_-_order-robot_-_robocorp-certificate_II-main\rpa_-_order-robot_-_robocorp-certificate_II-main\output\receipts\receipt_5.pdf</msg>
<status status="PASS" starttime="20220721 17:58:48.847" endtime="20220721 17:58:48.853"/>
</kw>
<kw name="Html To Pdf" library="RPA.PDF">
<arg>${receipt_html}</arg>
<arg>${file_path}</arg>
<doc>Generate a PDF file from HTML content.</doc>
<msg timestamp="20220721 17:58:48.856" level="INFO">Writing output to file C:\Users\balakumar.gopalakris\Downloads\rpa_-_order-robot_-_robocorp-certificate_II-main\rpa_-_order-robot_-_robocorp-certificate_II-main\output\receipts\receipt_5.pdf</msg>
<status status="PASS" starttime="20220721 17:58:48.854" endtime="20220721 17:58:48.869"/>
</kw>
<msg timestamp="20220721 17:58:48.870" level="INFO">${pdf} = c:\Users\balakumar.gopalakris\Downloads\rpa_-_order-robot_-_robocorp-certificate_II-main\rpa_-_order-robot_-_robocorp-certificate_II-main\output\receipts\receipt_5.pdf</msg>
<status status="PASS" starttime="20220721 17:58:48.827" endtime="20220721 17:58:48.871"/>
</kw>
<kw name="Embed robot preview screenshot to receipt PDF file">
<arg>${screenshot}</arg>
<arg>${pdf}</arg>
<kw name="Open Pdf" library="RPA.PDF">
<arg>${pdf}</arg>
<doc>Open a PDF document for reading.</doc>
<status status="PASS" starttime="20220721 17:58:48.873" endtime="20220721 17:58:48.880"/>
</kw>
<kw name="Create List" library="BuiltIn">
<var>${image_files}</var>
<arg>${screenshot}:align=center</arg>
<doc>Returns a list containing given items.</doc>
<msg timestamp="20220721 17:58:48.883" level="INFO">${image_files} = ['c:\\Users\\balakumar.gopalakris\\Downloads\\rpa_-_order-robot_-_robocorp-certificate_II-main\\rpa_-_order-robot_-_robocorp-certificate_II-main\\output\\screenshots\\robot_preview_image_5.png:align=c...</msg>
<status status="PASS" starttime="20220721 17:58:48.881" endtime="20220721 17:58:48.883"/>
</kw>
<kw name="Add Files To Pdf" library="RPA.PDF">
<arg>${image_files}</arg>
<arg>${pdf}</arg>
<arg>append=True</arg>
<doc>Add images and/or pdfs to new PDF document</doc>
<msg timestamp="20220721 17:58:48.888" level="INFO">Adding page: 0</msg>
<msg timestamp="20220721 17:58:48.888" level="INFO">File c:\Users\balakumar.gopalakris\Downloads\rpa_-_order-robot_-_robocorp-certificate_II-main\rpa_-_order-robot_-_robocorp-certificate_II-main\output\screenshots\robot_preview_image_5.png type: png</msg>
<msg timestamp="20220721 17:58:48.889" level="INFO">Image parameters: {'align': 'center'}</msg>
<status status="PASS" starttime="20220721 17:58:48.884" endtime="20220721 17:58:49.104"/>
</kw>
<kw name="Close Pdf" library="RPA.PDF">
<arg>${pdf}</arg>
<doc>Close PDF file descriptor for certain file.</doc>
<msg timestamp="20220721 17:58:49.107" level="INFO">Closing PDF document: c:\Users\balakumar.gopalakris\Downloads\rpa_-_order-robot_-_robocorp-certificate_II-main\rpa_-_order-robot_-_robocorp-certificate_II-main\output\receipts\receipt_5.pdf</msg>
<status status="PASS" starttime="20220721 17:58:49.105" endtime="20220721 17:58:49.107"/>
</kw>
<status status="PASS" starttime="20220721 17:58:48.871" endtime="20220721 17:58:49.108"/>
</kw>
<status status="PASS" starttime="20220721 17:58:48.825" endtime="20220721 17:58:49.109"/>
</kw>
<kw name="Order new robot">
<kw name="Click" library="RPA.Browser.Playwright">
[...]
<status status="PASS" starttime="20220721 18:00:04.206" endtime="20220721 18:00:04.224"/>
</kw>
<msg timestamp="20220721 18:00:04.226" level="INFO">${pdf} = c:\Users\balakumar.gopalakris\Downloads\rpa_-_order-robot_-_robocorp-certificate_II-main\rpa_-_order-robot_-_robocorp-certificate_II-main\output\receipts\receipt_19.pdf</msg>
<status status="PASS" starttime="20220721 18:00:04.172" endtime="20220721 18:00:04.226"/>
</kw>
<kw name="Embed robot preview screenshot to receipt PDF file">
<arg>${screenshot}</arg>
<arg>${pdf}</arg>
<kw name="Open Pdf" library="RPA.PDF">
<arg>${pdf}</arg>
<doc>Open a PDF document for reading.</doc>
<status status="PASS" starttime="20220721 18:00:04.229" endtime="20220721 18:00:04.238"/>
</kw>
<kw name="Create List" library="BuiltIn">
<var>${image_files}</var>
<arg>${screenshot}:align=center</arg>
<doc>Returns a list containing given items.</doc>
<msg timestamp="20220721 18:00:04.241" level="INFO">${image_files} = ['c:\\Users\\balakumar.gopalakris\\Downloads\\rpa_-_order-robot_-_robocorp-certificate_II-main\\rpa_-_order-robot_-_robocorp-certificate_II-main\\output\\screenshots\\robot_preview_image_19.png:align=...</msg>
<status status="PASS" starttime="20220721 18:00:04.239" endtime="20220721 18:00:04.241"/>
</kw>
<kw name="Add Files To Pdf" library="RPA.PDF">
<arg>${image_files}</arg>
<arg>${pdf}</arg>
<arg>append=True</arg>
<doc>Add images and/or pdfs to new PDF document</doc>
<msg timestamp="20220721 18:00:04.246" level="INFO">Adding page: 0</msg>
<msg timestamp="20220721 18:00:04.247" level="INFO">File c:\Users\balakumar.gopalakris\Downloads\rpa_-_order-robot_-_robocorp-certificate_II-main\rpa_-_order-robot_-_robocorp-certificate_II-main\output\screenshots\robot_preview_image_19.png type: png</msg>
<msg timestamp="20220721 18:00:04.247" level="INFO">Image parameters: {'align': 'center'}</msg>
<status status="PASS" starttime="20220721 18:00:04.242" endtime="20220721 18:00:05.150"/>
</kw>
<kw name="Close Pdf" library="RPA.PDF">
<arg>${pdf}</arg>
<doc>Close PDF file descriptor for certain file.</doc>
<msg timestamp="20220721 18:00:05.153" level="INFO">Closing PDF document: c:\Users\balakumar.gopalakris\Downloads\rpa_-_order-robot_-_robocorp-certificate_II-main\rpa_-_order-robot_-_robocorp-certificate_II-main\output\receipts\receipt_19.pdf</msg>
<status status="PASS" starttime="20220721 18:00:05.151" endtime="20220721 18:00:05.153"/>
</kw>
<status status="PASS" starttime="20220721 18:00:04.227" endtime="20220721 18:00:05.154"/>
</kw>
<status status="PASS" starttime="20220721 18:00:04.170" endtime="20220721 18:00:05.155"/>
</kw>
<kw name="Order new robot">
<kw name="Click" library="RPA.Browser.Playwright">
<arg>${order_page_order_another_btn}</arg>
<tag>PageContent</tag>
<tag>Setter</tag>
<doc>Simulates mouse click on the element found by ``selector``.</doc>
<status status="PASS" starttime="20220721 18:00:05.158" endtime="20220721 18:00:05.252"/>
</kw>
<kw name="Wait For Elements State" library="RPA.Browser.Playwright">
<arg>${order_page_submit_btn}</arg>
<arg>visible</arg>
<tag>PageContent</tag>
<tag>Wait</tag>
<doc>Waits for the element found by ``selector`` to satisfy state option.</doc>
<msg timestamp="20220721 18:00:05.285" level="INFO">Wait for Element with selector: id=order</msg>
<status status="PASS" starttime="20220721 18:00:05.254" endtime="20220721 18:00:05.285"/>
</kw>
<status status="PASS" starttime="20220721 18:00:05.156" endtime="20220721 18:00:05.286"/>
</kw>
<status status="PASS" starttime="20220721 17:59:42.342" endtime="20220721 18:00:05.287"/>
</iter>
<iter>
<var name="${order}">{'Order number': '20', 'Head': '1', 'Body': '1', 'Legs': '5', 'Address': 'Address H'}</var>
<kw name="Close modal">
<kw name="Click" library="RPA.Browser.Playwright">
<arg>${cookies_accept_btn}</arg>
<tag>PageContent</tag>
<tag>Setter</tag>
<doc>Simulates mouse click on the element found by ``selector``.</doc>
<status status="PASS" starttime="20220721 18:00:05.291" endtime="20220721 18:00:05.342"/>
</kw>
<kw name="Wait For Elements State" library="RPA.Browser.Playwright">
<arg>${modal_content}</arg>
<arg>hidden</arg>
<tag>PageContent</tag>
<tag>Wait</tag>
<doc>Waits for the element found by ``selector`` to satisfy state option.</doc>
<msg timestamp="20220721 18:00:05.355" level="INFO">Wait for Element with selector: .modal-content</msg>
<status status="PASS" starttime="20220721 18:00:05.343" endtime="20220721 18:00:05.356"/>
</kw>
<status status="PASS" starttime="20220721 18:00:05.289" endtime="20220721 18:00:05.357"/>
</kw>
<kw name="Fill order form">
<arg>${order}</arg>
<kw name="Fill in order parameters" library="OrderPage">
<arg>${order_table_row}</arg>
<kw name="Select Options By" library="RPA.Browser.Playwright">
<arg>${order_page_head_select}</arg>
<arg>value</arg>
<arg>${order_table_row}[Head]</arg>
<tag>PageContent</tag>
<tag>Setter</tag>
<doc>Selects options from select element found by ``selector``.</doc>
<status status="PASS" starttime="20220721 18:00:05.361" endtime="20220721 18:00:05.377"/>
</kw>
<kw name="Check Checkbox" library="RPA.Browser.Playwright">
<arg>${order_page_body_checkbox_prefix}${order_table_row}[Body]</arg>
<tag>PageContent</tag>
<tag>Setter</tag>
<doc>Checks the checkbox or selects radio button found by ``selector``.</doc>
<status status="PASS" starttime="20220721 18:00:05.378" endtime="20220721 18:00:05.406"/>
</kw>
<kw name="Fill Text" library="RPA.Browser.Playwright">
<arg>${order_page_legs_part_number_field}</arg>
<arg>${order_table_row}[Legs]</arg>
<tag>PageContent</tag>
<tag>Setter</tag>
<doc>Clears and fills the given ``txt`` into the text field found by ``selector``.</doc>
<msg timestamp="20220721 18:00:05.409" level="INFO">Fills the text '5' in the given field.</msg>
<status status="PASS" starttime="20220721 18:00:05.407" endtime="20220721 18:00:05.424"/>
</kw>
<kw name="Fill Text" library="RPA.Browser.Playwright">
<arg>${order_page_address_field}</arg>
<arg>${order_table_row}[Address]</arg>
<tag>PageContent</tag>
<tag>Setter</tag>
<doc>Clears and fills the given ``txt`` into the text field found by ``selector``.</doc>
<msg timestamp="20220721 18:00:05.427" level="INFO">Fills the text 'Address H' in the given field.</msg>
<status status="PASS" starttime="20220721 18:00:05.426" endtime="20220721 18:00:05.444"/>
</kw>
<status status="PASS" starttime="20220721 18:00:05.359" endtime="20220721 18:00:05.445"/>
</kw>
<status status="PASS" starttime="20220721 18:00:05.357" endtime="20220721 18:00:05.446"/>
</kw>
<kw name="Preview robot">
<kw name="Click" library="RPA.Browser.Playwright">
<arg>${order_page_preview_btn}</arg>
<tag>PageContent</tag>
<tag>Setter</tag>
<doc>Simulates mouse click on the element found by ``selector``.</doc>
<status status="PASS" starttime="20220721 18:00:05.449" endtime="20220721 18:00:05.496"/>
</kw>
<kw name="Wait For Elements State" library="RPA.Browser.Playwright">
<arg>${order_page_robot_preview_image}</arg>
<arg>visible</arg>
<tag>PageContent</tag>
<tag>Wait</tag>
<doc>Waits for the element found by ``selector`` to satisfy state option.</doc>
<msg timestamp="20220721 18:00:05.509" level="INFO">Wait for Element with selector: id=robot-preview-image</msg>
<status status="PASS" starttime="20220721 18:00:05.497" endtime="20220721 18:00:05.509"/>
</kw>
<status status="PASS" starttime="20220721 18:00:05.447" endtime="20220721 18:00:05.510"/>
</kw>
<kw name="Take screenshot of the robot image">
<var>${screenshot}</var>
<arg>${order}[Order number]</arg>
<kw name="Set Local Variable" library="BuiltIn">
<arg>${file_path}</arg>
<arg>${screenshot_dir}${/}robot_preview_image_${order_number}.png</arg>
<doc>Makes a variable available everywhere within the local scope.</doc>
<msg timestamp="20220721 18:00:05.518" level="INFO">${file_path} = c:\Users\balakumar.gopalakris\Downloads\rpa_-_order-robot_-_robocorp-certificate_II-main\rpa_-_order-robot_-_robocorp-certificate_II-main\output\screenshots\robot_preview_image_20.png</msg>
<status status="PASS" starttime="20220721 18:00:05.513" endtime="20220721 18:00:05.519"/>
</kw>
<kw name="Take Screenshot" library="RPA.Browser.Playwright">
<arg>filename=${file_path}</arg>
<arg>selector=${order_page_robot_preview_image}</arg>
<arg>fullPage=False</arg>
<arg>timeout=2</arg>
<tag>PageContent</tag>
<doc>Takes a screenshot of the current window or element and saves it to disk.</doc>
<msg timestamp="20220721 18:00:05.615" level="INFO" html="true">&lt;/td&gt;&lt;/tr&gt;&lt;tr&gt;&lt;td colspan="3"&gt;&lt;a href="file:///C:/Users/balakumar.gopalakris/Downloads/rpa_-_order-robot_-_robocorp-certificate_II-main/rpa_-_order-robot_-_robocorp-certificate_II-main/output/screenshots/robot_preview_image_20.png"&gt;&lt;img src="file:///C:/Users/balakumar.gopalakris/Downloads/rpa_-_order-robot_-_robocorp-certificate_II-main/rpa_-_order-robot_-_robocorp-certificate_II-main/output/screenshots/robot_preview_image_20.png" width="800px"&gt;&lt;/a&gt;</msg>
<status status="PASS" starttime="20220721 18:00:05.520" endtime="20220721 18:00:05.616"/>
</kw>
<msg timestamp="20220721 18:00:05.617" level="INFO">${screenshot} = c:\Users\balakumar.gopalakris\Downloads\rpa_-_order-robot_-_robocorp-certificate_II-main\rpa_-_order-robot_-_robocorp-certificate_II-main\output\screenshots\robot_preview_image_20.png</msg>
<status status="PASS" starttime="20220721 18:00:05.511" endtime="20220721 18:00:05.617"/>
</kw>
<kw name="Wait Until Keyword Succeeds" library="BuiltIn">
<arg>5x</arg>
<arg>0.5 sec</arg>
<arg>Submit order</arg>
<doc>Runs the specified keyword and retries if it fails.</doc>
<kw name="Submit order">
<kw name="Click" library="RPA.Browser.Playwright">
<arg>${order_page_submit_btn}</arg>
<tag>PageContent</tag>
<tag>Setter</tag>
<doc>Simulates mouse click on the element found by ``selector``.</doc>
<status status="PASS" starttime="20220721 18:00:05.622" endtime="20220721 18:00:05.678"/>
</kw>
<kw name="Wait For Elements State" library="RPA.Browser.Playwright">
<arg>${order_page_receipt_alert}</arg>
<arg>visible</arg>
<tag>PageContent</tag>
<tag>Wait</tag>
<doc>Waits for the element found by ``selector`` to satisfy state option.</doc>
<msg timestamp="20220721 18:00:05.691" level="INFO">Wait for Element with selector: id=receipt</msg>
<status status="PASS" starttime="20220721 18:00:05.679" endtime="20220721 18:00:05.691"/>
</kw>
<kw name="Wait For Elements State" library="RPA.Browser.Playwright">
<arg>${order_page_order_another_btn}</arg>
<arg>visible</arg>
<tag>PageContent</tag>
<tag>Wait</tag>
<doc>Waits for the element found by ``selector`` to satisfy state option.</doc>
<msg timestamp="20220721 18:00:05.705" level="INFO">Wait for Element with selector: id=order-another</msg>
<status status="PASS" starttime="20220721 18:00:05.693" endtime="20220721 18:00:05.706"/>
</kw>
<status status="PASS" starttime="20220721 18:00:05.621" endtime="20220721 18:00:05.707"/>
</kw>
<status status="PASS" starttime="20220721 18:00:05.619" endtime="20220721 18:00:05.707"/>
</kw>
<kw name="Create receipt PDF with robot preview image">
<arg>${order}[Order number]</arg>
<arg>${screenshot}</arg>
<kw name="Store order receipt as PDF file">
<var>${pdf}</var>
<arg>${order_number}</arg>
<kw name="Get Property" library="RPA.Browser.Playwright">
<var>${receipt_html}</var>
<arg>${order_page_receipt_alert}</arg>
<arg>outerHTML</arg>
<tag>Assertion</tag>
<tag>Getter</tag>
<tag>PageContent</tag>
<doc>Returns the ``property`` of the element found by ``selector``.</doc>
<msg timestamp="20220721 18:00:05.726" level="INFO">${receipt_html} = &lt;div id="receipt" class="alert alert-success" role="alert"&gt;&lt;h3&gt;Receipt&lt;/h3&gt;&lt;div&gt;2022-07-21T12:30:05.673Z&lt;/div&gt;&lt;p class="badge badge-success"&gt;RSB-ROBO-ORDER-1Y8UFEYUSC&lt;/p&gt;&lt;p&gt;Address H&lt;/p&gt;&lt;div id="parts...</msg>
<status status="PASS" starttime="20220721 18:00:05.712" endtime="20220721 18:00:05.726"/>
</kw>
<kw name="Set Local Variable" library="BuiltIn">
<arg>${file_path}</arg>
<arg>${receipt_dir}${/}receipt_${order_number}.pdf</arg>
<doc>Makes a variable available everywhere within the local scope.</doc>
<msg timestamp="20220721 18:00:05.732" level="INFO">${file_path} = c:\Users\balakumar.gopalakris\Downloads\rpa_-_order-robot_-_robocorp-certificate_II-main\rpa_-_order-robot_-_robocorp-certificate_II-main\output\receipts\receipt_20.pdf</msg>
<status status="PASS" starttime="20220721 18:00:05.727" endtime="20220721 18:00:05.733"/>
</kw>
<kw name="Html To Pdf" library="RPA.PDF">
<arg>${receipt_html}</arg>
<arg>${file_path}</arg>
<doc>Generate a PDF file from HTML content.</doc>
<msg timestamp="20220721 18:00:05.736" level="INFO">Writing output to file C:\Users\balakumar.gopalakris\Downloads\rpa_-_order-robot_-_robocorp-certificate_II-main\rpa_-_order-robot_-_robocorp-certificate_II-main\output\receipts\receipt_20.pdf</msg>
<status status="PASS" starttime="20220721 18:00:05.734" endtime="20220721 18:00:05.748"/>
</kw>
<msg timestamp="20220721 18:00:05.750" level="INFO">${pdf} = c:\Users\balakumar.gopalakris\Downloads\rpa_-_order-robot_-_robocorp-certificate_II-main\rpa_-_order-robot_-_robocorp-certificate_II-main\output\receipts\receipt_20.pdf</msg>
<status status="PASS" starttime="20220721 18:00:05.710" endtime="20220721 18:00:05.750"/>
</kw>
<kw name="Embed robot preview screenshot to receipt PDF file">
<arg>${screenshot}</arg>
<arg>${pdf}</arg>
<kw name="Open Pdf" library="RPA.PDF">
<arg>${pdf}</arg>
<doc>Open a PDF document for reading.</doc>
<status status="PASS" starttime="20220721 18:00:05.753" endtime="20220721 18:00:05.759"/>
</kw>
<kw name="Create List" library="BuiltIn">
<var>${image_files}</var>
<arg>${screenshot}:align=center</arg>
<doc>Returns a list containing given items.</doc>
<msg timestamp="20220721 18:00:05.762" level="INFO">${image_files} = ['c:\\Users\\balakumar.gopalakris\\Downloads\\rpa_-_order-robot_-_robocorp-certificate_II-main\\rpa_-_order-robot_-_robocorp-certificate_II-main\\output\\screenshots\\robot_preview_image_20.png:align=...</msg>
<status status="PASS" starttime="20220721 18:00:05.760" endtime="20220721 18:00:05.762"/>
</kw>
<kw name="Add Files To Pdf" library="RPA.PDF">
<arg>${image_files}</arg>
<arg>${pdf}</arg>
<arg>append=True</arg>
<doc>Add images and/or pdfs to new PDF document</doc>
<msg timestamp="20220721 18:00:05.767" level="INFO">Adding page: 0</msg>
<msg timestamp="20220721 18:00:05.768" level="INFO">File c:\Users\balakumar.gopalakris\Downloads\rpa_-_order-robot_-_robocorp-certificate_II-main\rpa_-_order-robot_-_robocorp-certificate_II-main\output\screenshots\robot_preview_image_20.png type: png</msg>
<msg timestamp="20220721 18:00:05.768" level="INFO">Image parameters: {'align': 'center'}</msg>
<status status="PASS" starttime="20220721 18:00:05.763" endtime="20220721 18:00:06.609"/>
</kw>
<kw name="Close Pdf" library="RPA.PDF">
<arg>${pdf}</arg>
<doc>Close PDF file descriptor for certain file.</doc>
<msg timestamp="20220721 18:00:06.611" level="INFO">Closing PDF document: c:\Users\balakumar.gopalakris\Downloads\rpa_-_order-robot_-_robocorp-certificate_II-main\rpa_-_order-robot_-_robocorp-certificate_II-main\output\receipts\receipt_20.pdf</msg>
<status status="PASS" starttime="20220721 18:00:06.610" endtime="20220721 18:00:06.612"/>
</kw>
<status status="PASS" starttime="20220721 18:00:05.751" endtime="20220721 18:00:06.613"/>
</kw>
<status status="PASS" starttime="20220721 18:00:05.708" endtime="20220721 18:00:06.614"/>
</kw>
<kw name="Order new robot">
<kw name="Click" library="RPA.Browser.Playwright">
<arg>${order_page_order_another_btn}</arg>
<tag>PageContent</tag>
<tag>Setter</tag>
<doc>Simulates mouse click on the element found by ``selector``.</doc>
<status status="PASS" starttime="20220721 18:00:06.616" endtime="20220721 18:00:06.699"/>
</kw>
<kw name="Wait For Elements State" library="RPA.Browser.Playwright">
<arg>${order_page_submit_btn}</arg>
<arg>visible</arg>
<tag>PageContent</tag>
<tag>Wait</tag>
<doc>Waits for the element found by ``selector`` to satisfy state option.</doc>
<msg timestamp="20220721 18:00:06.727" level="INFO">Wait for Element with selector: id=order</msg>
<status status="PASS" starttime="20220721 18:00:06.701" endtime="20220721 18:00:06.728"/>
</kw>
<status status="PASS" starttime="20220721 18:00:06.615" endtime="20220721 18:00:06.729"/>
</kw>
<status status="PASS" starttime="20220721 18:00:05.288" endtime="20220721 18:00:06.730"/>
</iter>
<status status="PASS" starttime="20220721 17:57:50.452" endtime="20220721 18:00:06.731"/>
</for>
<kw name="Create ZIP file of all receipts">
<kw name="Set Variable" library="BuiltIn">
<var>${zip_file_name}</var>
<arg>${out_dir}${/}all_receipts.zip</arg>
<doc>Returns the given values which can then be assigned to a variables.</doc>
<msg timestamp="20220721 18:00:06.735" level="INFO">${zip_file_name} = c:\Users\balakumar.gopalakris\Downloads\rpa_-_order-robot_-_robocorp-certificate_II-main\rpa_-_order-robot_-_robocorp-certificate_II-main\output\all_receipts.zip</msg>
<status status="PASS" starttime="20220721 18:00:06.734" endtime="20220721 18:00:06.736"/>
</kw>
<kw name="Archive Folder With Zip" library="RPA.Archive">
<arg>${receipt_dir}</arg>
<arg>${zip_file_name}</arg>
<doc>Create a zip archive of a folder</doc>
<status status="PASS" starttime="20220721 18:00:06.737" endtime="20220721 18:00:06.847"/>
</kw>
<status status="PASS" starttime="20220721 18:00:06.732" endtime="20220721 18:00:06.848"/>
</kw>
<status status="PASS" starttime="20220721 17:57:04.116" endtime="20220721 18:00:06.850"/>
</test>
<kw name="Cleaup" type="TEARDOWN">
<kw name="Close Browser" library="RPA.Browser.Playwright">
<tag>BrowserControl</tag>
<tag>Setter</tag>
<doc>Closes the current browser.</doc>
<msg timestamp="20220721 18:00:06.927" level="INFO">Closed browser</msg>
<status status="PASS" starttime="20220721 18:00:06.887" endtime="20220721 18:00:06.927"/>
</kw>
<kw name="Remove Directory" library="OperatingSystem">
<arg>${screenshot_dir}</arg>
<arg>recursive=True</arg>
<doc>Removes the directory pointed to by the given ``path``.</doc>
<msg timestamp="20220721 18:00:06.935" level="INFO" html="true">Removed directory '&lt;a href="file://c:\Users\balakumar.gopalakris\Downloads\rpa_-_order-robot_-_robocorp-certificate_II-main\rpa_-_order-robot_-_robocorp-certificate_II-main\output\screenshots"&gt;c:\Users\balakumar.gopalakris\Downloads\rpa_-_order-robot_-_robocorp-certificate_II-main\rpa_-_order-robot_-_robocorp-certificate_II-main\output\screenshots&lt;/a&gt;'.</msg>
<status status="PASS" starttime="20220721 18:00:06.928" endtime="20220721 18:00:06.935"/>
</kw>
<kw name="Remove Directory" library="OperatingSystem">
<arg>${receipt_dir}</arg>
<arg>recursive=True</arg>
<doc>Removes the directory pointed to by the given ``path``.</doc>
<msg timestamp="20220721 18:00:06.943" level="INFO" html="true">Removed directory '&lt;a href="file://c:\Users\balakumar.gopalakris\Downloads\rpa_-_order-robot_-_robocorp-certificate_II-main\rpa_-_order-robot_-_robocorp-certificate_II-main\output\receipts"&gt;c:\Users\balakumar.gopalakris\Downloads\rpa_-_order-robot_-_robocorp-certificate_II-main\rpa_-_order-robot_-_robocorp-certificate_II-main\output\receipts&lt;/a&gt;'.</msg>
<status status="PASS" starttime="20220721 18:00:06.936" endtime="20220721 18:00:06.944"/>
</kw>
<status status="PASS" starttime="20220721 18:00:06.885" endtime="20220721 18:00:06.945"/>
</kw>
<doc>Orders robots from RobotSpareBin Industries Inc.

Saves the order HTML receipt as a PDF file.

Saves the screenshot of the ordered robot.

Embeds the screenshot of the robot to the PDF receipt.

Creates ZIP archive of the receipts and the images.

Removes all receipts and screenshot from output directory</doc>
<status status="PASS" starttime="20220721 17:57:00.829" endtime="20220721 18:00:06.946"/>
</suite>
<statistics>
<total>
<stat pass="1" fail="0" skip="0">All Tasks</stat>
</total>
<tag>
</tag>
<suite>
<stat pass="1" fail="0" skip="0" id="s1" name="Tasks">Tasks</stat>
</suite>
</statistics>
<errors>
</errors>
</robot>
